{"C:\\Users\\olesc\\OneDrive\\Desktop\\GetIntoMealPrepFinal\\GetIntoMealPrep\\client\\src\\App.tsx": {"path":"C:\\Users\\olesc\\OneDrive\\Desktop\\GetIntoMealPrepFinal\\GetIntoMealPrep\\client\\src\\App.tsx","all":false,"statementMap":{"0":{"start":{"line":1,"column":0},"end":{"line":1,"column":35}},"1":{"start":{"line":2,"column":0},"end":{"line":2,"column":74}},"2":{"start":{"line":3,"column":0},"end":{"line":3,"column":37}},"3":{"start":{"line":4,"column":0},"end":{"line":4,"column":18}},"4":{"start":{"line":5,"column":0},"end":{"line":5,"column":48}},"5":{"start":{"line":6,"column":0},"end":{"line":6,"column":52}},"6":{"start":{"line":7,"column":0},"end":{"line":7,"column":63}},"7":{"start":{"line":8,"column":0},"end":{"line":8,"column":72}},"8":{"start":{"line":9,"column":0},"end":{"line":9,"column":58}},"9":{"start":{"line":10,"column":0},"end":{"line":10,"column":54}},"10":{"start":{"line":11,"column":0},"end":{"line":11,"column":72}},"11":{"start":{"line":12,"column":0},"end":{"line":12,"column":47}},"12":{"start":{"line":13,"column":0},"end":{"line":13,"column":43}},"13":{"start":{"line":14,"column":0},"end":{"line":14,"column":48}},"14":{"start":{"line":15,"column":0},"end":{"line":15,"column":46}},"15":{"start":{"line":16,"column":0},"end":{"line":16,"column":52}},"16":{"start":{"line":17,"column":0},"end":{"line":17,"column":40}},"17":{"start":{"line":18,"column":0},"end":{"line":18,"column":55}},"19":{"start":{"line":20,"column":0},"end":{"line":20,"column":40}},"22":{"start":{"line":23,"column":0},"end":{"line":23,"column":16}},"23":{"start":{"line":24,"column":0},"end":{"line":24,"column":10}},"24":{"start":{"line":25,"column":0},"end":{"line":25,"column":40}},"25":{"start":{"line":26,"column":0},"end":{"line":26,"column":37}},"26":{"start":{"line":27,"column":0},"end":{"line":27,"column":16}},"27":{"start":{"line":28,"column":0},"end":{"line":28,"column":17}},"28":{"start":{"line":29,"column":0},"end":{"line":29,"column":18}},"29":{"start":{"line":30,"column":0},"end":{"line":30,"column":49}},"30":{"start":{"line":31,"column":0},"end":{"line":31,"column":61}},"31":{"start":{"line":32,"column":0},"end":{"line":32,"column":18}},"32":{"start":{"line":33,"column":0},"end":{"line":33,"column":31}},"33":{"start":{"line":34,"column":0},"end":{"line":34,"column":23}},"34":{"start":{"line":35,"column":0},"end":{"line":35,"column":32}},"35":{"start":{"line":36,"column":0},"end":{"line":36,"column":31}},"36":{"start":{"line":37,"column":0},"end":{"line":37,"column":33}},"38":{"start":{"line":39,"column":0},"end":{"line":39,"column":14}},"39":{"start":{"line":40,"column":0},"end":{"line":40,"column":18}},"40":{"start":{"line":41,"column":0},"end":{"line":41,"column":29}},"41":{"start":{"line":42,"column":0},"end":{"line":42,"column":23}},"42":{"start":{"line":43,"column":0},"end":{"line":43,"column":32}},"43":{"start":{"line":44,"column":0},"end":{"line":44,"column":32}},"44":{"start":{"line":45,"column":0},"end":{"line":45,"column":33}},"46":{"start":{"line":47,"column":0},"end":{"line":47,"column":14}},"47":{"start":{"line":48,"column":0},"end":{"line":48,"column":18}},"48":{"start":{"line":49,"column":0},"end":{"line":49,"column":33}},"49":{"start":{"line":50,"column":0},"end":{"line":50,"column":23}},"50":{"start":{"line":51,"column":0},"end":{"line":51,"column":32}},"51":{"start":{"line":52,"column":0},"end":{"line":52,"column":35}},"52":{"start":{"line":53,"column":0},"end":{"line":53,"column":33}},"54":{"start":{"line":55,"column":0},"end":{"line":55,"column":14}},"55":{"start":{"line":56,"column":0},"end":{"line":56,"column":57}},"56":{"start":{"line":57,"column":0},"end":{"line":57,"column":59}},"57":{"start":{"line":58,"column":0},"end":{"line":58,"column":64}},"58":{"start":{"line":59,"column":0},"end":{"line":59,"column":19}},"59":{"start":{"line":60,"column":0},"end":{"line":60,"column":20}},"60":{"start":{"line":61,"column":0},"end":{"line":61,"column":17}},"61":{"start":{"line":62,"column":0},"end":{"line":62,"column":22}},"62":{"start":{"line":63,"column":0},"end":{"line":63,"column":18}},"64":{"start":{"line":65,"column":0},"end":{"line":65,"column":1}},"66":{"start":{"line":67,"column":0},"end":{"line":67,"column":18}}},"s":{"0":1,"1":1,"2":1,"3":1,"4":1,"5":1,"6":1,"7":1,"8":1,"9":1,"10":1,"11":1,"12":1,"13":1,"14":1,"15":1,"16":1,"17":1,"19":1,"22":14,"23":14,"24":14,"25":14,"26":14,"27":14,"28":14,"29":14,"30":14,"31":14,"32":14,"33":14,"34":14,"35":14,"36":14,"38":14,"39":14,"40":14,"41":14,"42":14,"43":14,"44":14,"46":14,"47":14,"48":14,"49":14,"50":14,"51":14,"52":14,"54":14,"55":14,"56":14,"57":14,"58":14,"59":14,"60":14,"61":14,"62":14,"64":14,"66":1},"branchMap":{"0":{"type":"branch","line":23,"loc":{"start":{"line":23,"column":0},"end":{"line":65,"column":1}},"locations":[{"start":{"line":23,"column":0},"end":{"line":65,"column":1}}]}},"b":{"0":[14]},"fnMap":{"0":{"name":"App","decl":{"start":{"line":23,"column":0},"end":{"line":65,"column":1}},"loc":{"start":{"line":23,"column":0},"end":{"line":65,"column":1}},"line":23}},"f":{"0":14}}
,"C:\\Users\\olesc\\OneDrive\\Desktop\\GetIntoMealPrepFinal\\GetIntoMealPrep\\client\\src\\components\\Button\\Button.tsx": {"path":"C:\\Users\\olesc\\OneDrive\\Desktop\\GetIntoMealPrepFinal\\GetIntoMealPrep\\client\\src\\components\\Button\\Button.tsx","all":false,"statementMap":{"1":{"start":{"line":2,"column":0},"end":{"line":2,"column":22}},"12":{"start":{"line":13,"column":0},"end":{"line":13,"column":40}},"13":{"start":{"line":14,"column":0},"end":{"line":14,"column":11}},"14":{"start":{"line":15,"column":0},"end":{"line":15,"column":18}},"15":{"start":{"line":16,"column":0},"end":{"line":16,"column":20}},"16":{"start":{"line":17,"column":0},"end":{"line":17,"column":17}},"17":{"start":{"line":18,"column":0},"end":{"line":18,"column":10}},"18":{"start":{"line":19,"column":0},"end":{"line":19,"column":18}},"19":{"start":{"line":20,"column":0},"end":{"line":20,"column":7}},"20":{"start":{"line":21,"column":0},"end":{"line":21,"column":29}},"21":{"start":{"line":22,"column":0},"end":{"line":22,"column":16}},"22":{"start":{"line":23,"column":0},"end":{"line":23,"column":25}},"23":{"start":{"line":24,"column":0},"end":{"line":24,"column":26}},"24":{"start":{"line":25,"column":0},"end":{"line":25,"column":14}},"25":{"start":{"line":26,"column":0},"end":{"line":26,"column":3}},"26":{"start":{"line":27,"column":0},"end":{"line":27,"column":20}},"27":{"start":{"line":28,"column":0},"end":{"line":28,"column":15}},"29":{"start":{"line":30,"column":0},"end":{"line":30,"column":10}},"30":{"start":{"line":31,"column":0},"end":{"line":31,"column":72}},"31":{"start":{"line":32,"column":0},"end":{"line":32,"column":16}},"32":{"start":{"line":33,"column":0},"end":{"line":33,"column":13}},"34":{"start":{"line":35,"column":0},"end":{"line":35,"column":2}},"36":{"start":{"line":37,"column":0},"end":{"line":37,"column":22}}},"s":{"1":1,"12":1,"13":50,"14":50,"15":50,"16":50,"17":50,"18":50,"19":50,"20":50,"21":50,"22":50,"23":50,"24":50,"25":50,"26":50,"27":50,"29":50,"30":50,"31":50,"32":50,"34":50,"36":1},"branchMap":{"0":{"type":"branch","line":13,"loc":{"start":{"line":13,"column":38},"end":{"line":35,"column":2}},"locations":[{"start":{"line":13,"column":38},"end":{"line":35,"column":2}}]}},"b":{"0":[50]},"fnMap":{"0":{"name":"Button","decl":{"start":{"line":13,"column":38},"end":{"line":35,"column":2}},"loc":{"start":{"line":13,"column":38},"end":{"line":35,"column":2}},"line":13}},"f":{"0":50}}
,"C:\\Users\\olesc\\OneDrive\\Desktop\\GetIntoMealPrepFinal\\GetIntoMealPrep\\client\\src\\components\\Callback\\Callback.tsx": {"path":"C:\\Users\\olesc\\OneDrive\\Desktop\\GetIntoMealPrepFinal\\GetIntoMealPrep\\client\\src\\components\\Callback\\Callback.tsx","all":false,"statementMap":{"0":{"start":{"line":1,"column":0},"end":{"line":1,"column":55}},"1":{"start":{"line":2,"column":0},"end":{"line":2,"column":60}},"3":{"start":{"line":4,"column":0},"end":{"line":4,"column":24}},"4":{"start":{"line":5,"column":0},"end":{"line":5,"column":33}},"5":{"start":{"line":6,"column":0},"end":{"line":6,"column":33}},"7":{"start":{"line":8,"column":0},"end":{"line":8,"column":62}},"8":{"start":{"line":9,"column":0},"end":{"line":9,"column":77}},"9":{"start":{"line":10,"column":0},"end":{"line":10,"column":42}},"10":{"start":{"line":11,"column":0},"end":{"line":11,"column":5}},"12":{"start":{"line":13,"column":0},"end":{"line":13,"column":18}},"13":{"start":{"line":14,"column":0},"end":{"line":14,"column":37}},"14":{"start":{"line":15,"column":0},"end":{"line":15,"column":3}},"16":{"start":{"line":17,"column":0},"end":{"line":17,"column":14}},"17":{"start":{"line":18,"column":0},"end":{"line":18,"column":54}},"18":{"start":{"line":19,"column":0},"end":{"line":19,"column":3}},"20":{"start":{"line":21,"column":0},"end":{"line":21,"column":14}},"21":{"start":{"line":22,"column":0},"end":{"line":22,"column":2}},"23":{"start":{"line":24,"column":0},"end":{"line":24,"column":24}}},"s":{"0":1,"1":1,"3":1,"4":14,"5":14,"7":14,"8":5,"9":5,"10":14,"12":14,"13":3,"14":3,"16":14,"17":3,"18":3,"20":8,"21":8,"23":1},"branchMap":{"0":{"type":"branch","line":4,"loc":{"start":{"line":4,"column":17},"end":{"line":22,"column":2}},"locations":[{"start":{"line":4,"column":17},"end":{"line":22,"column":2}}]},"1":{"type":"branch","line":13,"loc":{"start":{"line":13,"column":17},"end":{"line":15,"column":3}},"locations":[{"start":{"line":13,"column":17},"end":{"line":15,"column":3}}]},"2":{"type":"branch","line":15,"loc":{"start":{"line":15,"column":2},"end":{"line":17,"column":13}},"locations":[{"start":{"line":15,"column":2},"end":{"line":17,"column":13}}]},"3":{"type":"branch","line":17,"loc":{"start":{"line":17,"column":13},"end":{"line":19,"column":3}},"locations":[{"start":{"line":17,"column":13},"end":{"line":19,"column":3}}]},"4":{"type":"branch","line":19,"loc":{"start":{"line":19,"column":2},"end":{"line":22,"column":2}},"locations":[{"start":{"line":19,"column":2},"end":{"line":22,"column":2}}]},"5":{"type":"branch","line":8,"loc":{"start":{"line":8,"column":55},"end":{"line":11,"column":3}},"locations":[{"start":{"line":8,"column":55},"end":{"line":11,"column":3}}]},"6":{"type":"branch","line":9,"loc":{"start":{"line":9,"column":31},"end":{"line":9,"column":52}},"locations":[{"start":{"line":9,"column":31},"end":{"line":9,"column":52}}]},"7":{"type":"branch","line":9,"loc":{"start":{"line":9,"column":46},"end":{"line":9,"column":64}},"locations":[{"start":{"line":9,"column":46},"end":{"line":9,"column":64}}]},"8":{"type":"branch","line":9,"loc":{"start":{"line":9,"column":52},"end":{"line":9,"column":77}},"locations":[{"start":{"line":9,"column":52},"end":{"line":9,"column":77}}]}},"b":{"0":[14],"1":[3],"2":[11],"3":[3],"4":[8],"5":[5],"6":[2],"7":[1],"8":[4]},"fnMap":{"0":{"name":"Callback","decl":{"start":{"line":4,"column":17},"end":{"line":22,"column":2}},"loc":{"start":{"line":4,"column":17},"end":{"line":22,"column":2}},"line":4}},"f":{"0":14}}
,"C:\\Users\\olesc\\OneDrive\\Desktop\\GetIntoMealPrepFinal\\GetIntoMealPrep\\client\\src\\components\\Footer\\Footer.tsx": {"path":"C:\\Users\\olesc\\OneDrive\\Desktop\\GetIntoMealPrepFinal\\GetIntoMealPrep\\client\\src\\components\\Footer\\Footer.tsx","all":false,"statementMap":{"0":{"start":{"line":1,"column":0},"end":{"line":1,"column":22}},"2":{"start":{"line":3,"column":0},"end":{"line":3,"column":19}},"3":{"start":{"line":4,"column":0},"end":{"line":4,"column":10}},"4":{"start":{"line":5,"column":0},"end":{"line":5,"column":31}},"5":{"start":{"line":6,"column":0},"end":{"line":6,"column":38}},"6":{"start":{"line":7,"column":0},"end":{"line":7,"column":13}},"7":{"start":{"line":8,"column":0},"end":{"line":8,"column":34}},"8":{"start":{"line":9,"column":0},"end":{"line":9,"column":71}},"9":{"start":{"line":10,"column":0},"end":{"line":10,"column":14}},"10":{"start":{"line":11,"column":0},"end":{"line":11,"column":13}},"11":{"start":{"line":12,"column":0},"end":{"line":12,"column":24}},"12":{"start":{"line":13,"column":0},"end":{"line":13,"column":14}},"13":{"start":{"line":14,"column":0},"end":{"line":14,"column":48}},"14":{"start":{"line":15,"column":0},"end":{"line":15,"column":46}},"15":{"start":{"line":16,"column":0},"end":{"line":16,"column":44}},"16":{"start":{"line":17,"column":0},"end":{"line":17,"column":15}},"17":{"start":{"line":18,"column":0},"end":{"line":18,"column":14}},"18":{"start":{"line":19,"column":0},"end":{"line":19,"column":13}},"19":{"start":{"line":20,"column":0},"end":{"line":20,"column":28}},"20":{"start":{"line":21,"column":0},"end":{"line":21,"column":34}},"21":{"start":{"line":22,"column":0},"end":{"line":22,"column":46}},"22":{"start":{"line":23,"column":0},"end":{"line":23,"column":45}},"23":{"start":{"line":24,"column":0},"end":{"line":24,"column":43}},"24":{"start":{"line":25,"column":0},"end":{"line":25,"column":15}},"25":{"start":{"line":26,"column":0},"end":{"line":26,"column":14}},"26":{"start":{"line":27,"column":0},"end":{"line":27,"column":12}},"27":{"start":{"line":28,"column":0},"end":{"line":28,"column":13}},"29":{"start":{"line":30,"column":0},"end":{"line":30,"column":1}},"31":{"start":{"line":32,"column":0},"end":{"line":32,"column":22}}},"s":{"0":1,"2":17,"3":17,"4":17,"5":17,"6":17,"7":17,"8":17,"9":17,"10":17,"11":17,"12":17,"13":17,"14":17,"15":17,"16":17,"17":17,"18":17,"19":17,"20":17,"21":17,"22":17,"23":17,"24":17,"25":17,"26":17,"27":17,"29":17,"31":1},"branchMap":{"0":{"type":"branch","line":3,"loc":{"start":{"line":3,"column":0},"end":{"line":30,"column":1}},"locations":[{"start":{"line":3,"column":0},"end":{"line":30,"column":1}}]}},"b":{"0":[17]},"fnMap":{"0":{"name":"Footer","decl":{"start":{"line":3,"column":0},"end":{"line":30,"column":1}},"loc":{"start":{"line":3,"column":0},"end":{"line":30,"column":1}},"line":3}},"f":{"0":17}}
,"C:\\Users\\olesc\\OneDrive\\Desktop\\GetIntoMealPrepFinal\\GetIntoMealPrep\\client\\src\\components\\Header\\Header.tsx": {"path":"C:\\Users\\olesc\\OneDrive\\Desktop\\GetIntoMealPrepFinal\\GetIntoMealPrep\\client\\src\\components\\Header\\Header.tsx","all":false,"statementMap":{"0":{"start":{"line":1,"column":0},"end":{"line":1,"column":60}},"1":{"start":{"line":2,"column":0},"end":{"line":2,"column":36}},"2":{"start":{"line":3,"column":0},"end":{"line":3,"column":38}},"3":{"start":{"line":4,"column":0},"end":{"line":4,"column":22}},"4":{"start":{"line":5,"column":0},"end":{"line":5,"column":61}},"5":{"start":{"line":6,"column":0},"end":{"line":6,"column":81}},"6":{"start":{"line":7,"column":0},"end":{"line":7,"column":69}},"7":{"start":{"line":8,"column":0},"end":{"line":8,"column":81}},"9":{"start":{"line":10,"column":0},"end":{"line":10,"column":19}},"10":{"start":{"line":11,"column":0},"end":{"line":11,"column":33}},"11":{"start":{"line":12,"column":0},"end":{"line":12,"column":33}},"12":{"start":{"line":13,"column":0},"end":{"line":13,"column":67}},"13":{"start":{"line":14,"column":0},"end":{"line":14,"column":43}},"15":{"start":{"line":16,"column":0},"end":{"line":16,"column":10}},"16":{"start":{"line":17,"column":0},"end":{"line":17,"column":31}},"17":{"start":{"line":18,"column":0},"end":{"line":18,"column":10}},"18":{"start":{"line":19,"column":0},"end":{"line":19,"column":31}},"19":{"start":{"line":20,"column":0},"end":{"line":20,"column":24}},"20":{"start":{"line":21,"column":0},"end":{"line":21,"column":24}},"21":{"start":{"line":22,"column":0},"end":{"line":22,"column":10}},"22":{"start":{"line":23,"column":0},"end":{"line":23,"column":37}},"24":{"start":{"line":25,"column":0},"end":{"line":25,"column":83}},"25":{"start":{"line":26,"column":0},"end":{"line":26,"column":12}},"27":{"start":{"line":28,"column":0},"end":{"line":28,"column":26}},"28":{"start":{"line":29,"column":0},"end":{"line":29,"column":40}},"29":{"start":{"line":30,"column":0},"end":{"line":30,"column":23}},"30":{"start":{"line":31,"column":0},"end":{"line":31,"column":25}},"31":{"start":{"line":32,"column":0},"end":{"line":32,"column":38}},"32":{"start":{"line":33,"column":0},"end":{"line":33,"column":49}},"33":{"start":{"line":34,"column":0},"end":{"line":34,"column":14}},"35":{"start":{"line":36,"column":0},"end":{"line":36,"column":22}},"36":{"start":{"line":37,"column":0},"end":{"line":37,"column":14}},"37":{"start":{"line":38,"column":0},"end":{"line":38,"column":27}},"38":{"start":{"line":39,"column":0},"end":{"line":39,"column":40}},"39":{"start":{"line":40,"column":0},"end":{"line":40,"column":51}},"40":{"start":{"line":41,"column":0},"end":{"line":41,"column":16}},"41":{"start":{"line":42,"column":0},"end":{"line":42,"column":21}},"42":{"start":{"line":43,"column":0},"end":{"line":43,"column":29}},"43":{"start":{"line":44,"column":0},"end":{"line":44,"column":31}},"44":{"start":{"line":45,"column":0},"end":{"line":45,"column":51}},"45":{"start":{"line":46,"column":0},"end":{"line":46,"column":54}},"46":{"start":{"line":47,"column":0},"end":{"line":47,"column":15}},"48":{"start":{"line":49,"column":0},"end":{"line":49,"column":23}},"49":{"start":{"line":50,"column":0},"end":{"line":50,"column":15}},"51":{"start":{"line":52,"column":0},"end":{"line":52,"column":14}},"53":{"start":{"line":54,"column":0},"end":{"line":54,"column":19}},"54":{"start":{"line":55,"column":0},"end":{"line":55,"column":17}},"55":{"start":{"line":56,"column":0},"end":{"line":56,"column":25}},"56":{"start":{"line":57,"column":0},"end":{"line":57,"column":27}},"57":{"start":{"line":58,"column":0},"end":{"line":58,"column":43}},"58":{"start":{"line":59,"column":0},"end":{"line":59,"column":34}},"59":{"start":{"line":60,"column":0},"end":{"line":60,"column":43}},"60":{"start":{"line":61,"column":0},"end":{"line":61,"column":52}},"61":{"start":{"line":62,"column":0},"end":{"line":62,"column":14}},"62":{"start":{"line":63,"column":0},"end":{"line":63,"column":11}},"64":{"start":{"line":65,"column":0},"end":{"line":65,"column":19}},"67":{"start":{"line":68,"column":0},"end":{"line":68,"column":13}},"69":{"start":{"line":70,"column":0},"end":{"line":70,"column":1}},"71":{"start":{"line":72,"column":0},"end":{"line":72,"column":22}}},"s":{"0":1,"1":1,"2":1,"3":1,"4":1,"5":1,"6":1,"7":1,"9":14,"10":14,"11":14,"12":14,"13":14,"15":14,"16":14,"17":14,"18":14,"19":14,"20":1,"21":1,"22":14,"24":14,"25":14,"27":14,"28":7,"29":7,"30":2,"31":2,"32":2,"33":2,"35":7,"36":5,"37":5,"38":5,"39":5,"40":5,"41":5,"42":5,"43":5,"44":5,"45":5,"46":5,"48":5,"49":5,"51":7,"53":7,"54":5,"55":5,"56":5,"57":5,"58":5,"59":1,"60":1,"61":1,"62":5,"64":5,"67":14,"69":14,"71":1},"branchMap":{"0":{"type":"branch","line":10,"loc":{"start":{"line":10,"column":0},"end":{"line":70,"column":1}},"locations":[{"start":{"line":10,"column":0},"end":{"line":70,"column":1}}]},"1":{"type":"branch","line":28,"loc":{"start":{"line":28,"column":7},"end":{"line":52,"column":14}},"locations":[{"start":{"line":28,"column":7},"end":{"line":52,"column":14}}]},"2":{"type":"branch","line":30,"loc":{"start":{"line":30,"column":12},"end":{"line":34,"column":14}},"locations":[{"start":{"line":30,"column":12},"end":{"line":34,"column":14}}]},"3":{"type":"branch","line":36,"loc":{"start":{"line":36,"column":11},"end":{"line":50,"column":15}},"locations":[{"start":{"line":36,"column":11},"end":{"line":50,"column":15}}]},"4":{"type":"branch","line":52,"loc":{"start":{"line":52,"column":8},"end":{"line":65,"column":19}},"locations":[{"start":{"line":52,"column":8},"end":{"line":65,"column":19}}]},"5":{"type":"branch","line":54,"loc":{"start":{"line":54,"column":8},"end":{"line":65,"column":19}},"locations":[{"start":{"line":54,"column":8},"end":{"line":65,"column":19}}]},"6":{"type":"branch","line":20,"loc":{"start":{"line":20,"column":17},"end":{"line":22,"column":10}},"locations":[{"start":{"line":20,"column":17},"end":{"line":22,"column":10}}]},"7":{"type":"branch","line":33,"loc":{"start":{"line":33,"column":23},"end":{"line":33,"column":49}},"locations":[{"start":{"line":33,"column":23},"end":{"line":33,"column":49}}]},"8":{"type":"branch","line":40,"loc":{"start":{"line":40,"column":25},"end":{"line":40,"column":51}},"locations":[{"start":{"line":40,"column":25},"end":{"line":40,"column":51}}]},"9":{"type":"branch","line":46,"loc":{"start":{"line":46,"column":25},"end":{"line":46,"column":54}},"locations":[{"start":{"line":46,"column":25},"end":{"line":46,"column":54}}]},"10":{"type":"branch","line":59,"loc":{"start":{"line":59,"column":21},"end":{"line":62,"column":14}},"locations":[{"start":{"line":59,"column":21},"end":{"line":62,"column":14}}]}},"b":{"0":[14],"1":[7],"2":[2],"3":[5],"4":[7],"5":[5],"6":[1],"7":[1],"8":[2],"9":[1],"10":[1]},"fnMap":{"0":{"name":"Header","decl":{"start":{"line":10,"column":0},"end":{"line":70,"column":1}},"loc":{"start":{"line":10,"column":0},"end":{"line":70,"column":1}},"line":10},"1":{"name":"onClick","decl":{"start":{"line":20,"column":17},"end":{"line":22,"column":10}},"loc":{"start":{"line":20,"column":17},"end":{"line":22,"column":10}},"line":20},"2":{"name":"onClick","decl":{"start":{"line":33,"column":23},"end":{"line":33,"column":49}},"loc":{"start":{"line":33,"column":23},"end":{"line":33,"column":49}},"line":33},"3":{"name":"onClick","decl":{"start":{"line":40,"column":25},"end":{"line":40,"column":51}},"loc":{"start":{"line":40,"column":25},"end":{"line":40,"column":51}},"line":40},"4":{"name":"onClick","decl":{"start":{"line":46,"column":25},"end":{"line":46,"column":54}},"loc":{"start":{"line":46,"column":25},"end":{"line":46,"column":54}},"line":46},"5":{"name":"onClick","decl":{"start":{"line":59,"column":21},"end":{"line":62,"column":14}},"loc":{"start":{"line":59,"column":21},"end":{"line":62,"column":14}},"line":59}},"f":{"0":14,"1":1,"2":1,"3":2,"4":1,"5":1}}
,"C:\\Users\\olesc\\OneDrive\\Desktop\\GetIntoMealPrepFinal\\GetIntoMealPrep\\client\\src\\components\\LikeButton\\LikeButton.tsx": {"path":"C:\\Users\\olesc\\OneDrive\\Desktop\\GetIntoMealPrepFinal\\GetIntoMealPrep\\client\\src\\components\\LikeButton\\LikeButton.tsx","all":false,"statementMap":{"1":{"start":{"line":2,"column":0},"end":{"line":2,"column":44}},"2":{"start":{"line":3,"column":0},"end":{"line":3,"column":86}},"3":{"start":{"line":4,"column":0},"end":{"line":4,"column":40}},"4":{"start":{"line":5,"column":0},"end":{"line":5,"column":26}},"5":{"start":{"line":6,"column":0},"end":{"line":6,"column":47}},"11":{"start":{"line":12,"column":0},"end":{"line":12,"column":59}},"12":{"start":{"line":13,"column":0},"end":{"line":13,"column":36}},"13":{"start":{"line":14,"column":0},"end":{"line":14,"column":58}},"14":{"start":{"line":15,"column":0},"end":{"line":15,"column":48}},"15":{"start":{"line":16,"column":0},"end":{"line":16,"column":47}},"16":{"start":{"line":17,"column":0},"end":{"line":17,"column":50}},"19":{"start":{"line":20,"column":0},"end":{"line":20,"column":19}},"20":{"start":{"line":21,"column":0},"end":{"line":21,"column":16}},"21":{"start":{"line":22,"column":0},"end":{"line":22,"column":24}},"22":{"start":{"line":23,"column":0},"end":{"line":23,"column":34}},"23":{"start":{"line":24,"column":0},"end":{"line":24,"column":26}},"24":{"start":{"line":25,"column":0},"end":{"line":25,"column":16}},"25":{"start":{"line":26,"column":0},"end":{"line":26,"column":48}},"26":{"start":{"line":27,"column":0},"end":{"line":27,"column":9}},"27":{"start":{"line":28,"column":0},"end":{"line":28,"column":8}},"28":{"start":{"line":29,"column":0},"end":{"line":29,"column":23}},"29":{"start":{"line":30,"column":0},"end":{"line":30,"column":59}},"30":{"start":{"line":31,"column":0},"end":{"line":31,"column":26}},"31":{"start":{"line":32,"column":0},"end":{"line":32,"column":9}},"32":{"start":{"line":33,"column":0},"end":{"line":33,"column":19}},"35":{"start":{"line":36,"column":0},"end":{"line":36,"column":19}},"36":{"start":{"line":37,"column":0},"end":{"line":37,"column":40}},"38":{"start":{"line":39,"column":0},"end":{"line":39,"column":41}},"39":{"start":{"line":40,"column":0},"end":{"line":40,"column":11}},"40":{"start":{"line":41,"column":0},"end":{"line":41,"column":73}},"41":{"start":{"line":42,"column":0},"end":{"line":42,"column":56}},"42":{"start":{"line":43,"column":0},"end":{"line":43,"column":11}},"43":{"start":{"line":44,"column":0},"end":{"line":44,"column":38}},"44":{"start":{"line":45,"column":0},"end":{"line":45,"column":21}},"45":{"start":{"line":46,"column":0},"end":{"line":46,"column":66}},"46":{"start":{"line":47,"column":0},"end":{"line":47,"column":17}},"47":{"start":{"line":48,"column":0},"end":{"line":48,"column":26}},"48":{"start":{"line":49,"column":0},"end":{"line":49,"column":7}},"49":{"start":{"line":50,"column":0},"end":{"line":50,"column":6}},"51":{"start":{"line":52,"column":0},"end":{"line":52,"column":22}},"52":{"start":{"line":53,"column":0},"end":{"line":53,"column":24}},"54":{"start":{"line":55,"column":0},"end":{"line":55,"column":34}},"55":{"start":{"line":56,"column":0},"end":{"line":56,"column":35}},"57":{"start":{"line":58,"column":0},"end":{"line":58,"column":22}},"59":{"start":{"line":60,"column":0},"end":{"line":60,"column":9}},"60":{"start":{"line":61,"column":0},"end":{"line":61,"column":25}},"61":{"start":{"line":62,"column":0},"end":{"line":62,"column":42}},"62":{"start":{"line":63,"column":0},"end":{"line":63,"column":41}},"64":{"start":{"line":65,"column":0},"end":{"line":65,"column":35}},"65":{"start":{"line":66,"column":0},"end":{"line":66,"column":54}},"66":{"start":{"line":67,"column":0},"end":{"line":67,"column":9}},"68":{"start":{"line":69,"column":0},"end":{"line":69,"column":34}},"69":{"start":{"line":70,"column":0},"end":{"line":70,"column":19}},"70":{"start":{"line":71,"column":0},"end":{"line":71,"column":67}},"71":{"start":{"line":72,"column":0},"end":{"line":72,"column":15}},"72":{"start":{"line":73,"column":0},"end":{"line":73,"column":25}},"73":{"start":{"line":74,"column":0},"end":{"line":74,"column":5}},"74":{"start":{"line":75,"column":0},"end":{"line":75,"column":4}},"76":{"start":{"line":77,"column":0},"end":{"line":77,"column":16}},"77":{"start":{"line":78,"column":0},"end":{"line":78,"column":12}},"78":{"start":{"line":79,"column":0},"end":{"line":79,"column":55}},"79":{"start":{"line":80,"column":0},"end":{"line":80,"column":64}},"80":{"start":{"line":81,"column":0},"end":{"line":81,"column":15}},"82":{"start":{"line":83,"column":0},"end":{"line":83,"column":3}},"84":{"start":{"line":85,"column":0},"end":{"line":85,"column":10}},"85":{"start":{"line":86,"column":0},"end":{"line":86,"column":11}},"86":{"start":{"line":87,"column":0},"end":{"line":87,"column":66}},"87":{"start":{"line":88,"column":0},"end":{"line":88,"column":26}},"88":{"start":{"line":89,"column":0},"end":{"line":89,"column":23}},"89":{"start":{"line":90,"column":0},"end":{"line":90,"column":25}},"91":{"start":{"line":92,"column":0},"end":{"line":92,"column":106}},"92":{"start":{"line":93,"column":0},"end":{"line":93,"column":13}},"94":{"start":{"line":95,"column":0},"end":{"line":95,"column":1}}},"s":{"1":1,"2":1,"3":1,"4":1,"5":1,"11":1,"12":63,"13":63,"14":63,"15":63,"16":63,"19":63,"20":22,"21":22,"22":21,"23":20,"24":21,"25":1,"26":1,"27":22,"28":22,"29":2,"30":2,"31":22,"32":63,"35":63,"36":33,"38":10,"39":10,"40":10,"41":10,"42":10,"43":9,"44":10,"45":1,"46":10,"47":10,"48":10,"49":10,"51":10,"52":63,"54":63,"55":7,"57":7,"59":7,"60":7,"61":3,"62":4,"64":7,"65":7,"66":7,"68":5,"69":7,"70":2,"71":7,"72":7,"73":7,"74":7,"76":63,"77":37,"78":37,"79":37,"80":37,"82":37,"84":26,"85":26,"86":63,"87":63,"88":63,"89":63,"91":63,"92":63,"94":63},"branchMap":{"0":{"type":"branch","line":12,"loc":{"start":{"line":12,"column":7},"end":{"line":95,"column":1}},"locations":[{"start":{"line":12,"column":7},"end":{"line":95,"column":1}}]},"1":{"type":"branch","line":77,"loc":{"start":{"line":77,"column":15},"end":{"line":87,"column":42}},"locations":[{"start":{"line":77,"column":15},"end":{"line":87,"column":42}}]},"2":{"type":"branch","line":83,"loc":{"start":{"line":83,"column":2},"end":{"line":87,"column":42}},"locations":[{"start":{"line":83,"column":2},"end":{"line":87,"column":42}}]},"3":{"type":"branch","line":87,"loc":{"start":{"line":87,"column":32},"end":{"line":87,"column":52}},"locations":[{"start":{"line":87,"column":32},"end":{"line":87,"column":52}}]},"4":{"type":"branch","line":87,"loc":{"start":{"line":87,"column":42},"end":{"line":87,"column":63}},"locations":[{"start":{"line":87,"column":42},"end":{"line":87,"column":63}}]},"5":{"type":"branch","line":92,"loc":{"start":{"line":92,"column":7},"end":{"line":92,"column":59}},"locations":[{"start":{"line":92,"column":7},"end":{"line":92,"column":59}}]},"6":{"type":"branch","line":92,"loc":{"start":{"line":92,"column":54},"end":{"line":92,"column":106}},"locations":[{"start":{"line":92,"column":54},"end":{"line":92,"column":106}}]},"7":{"type":"branch","line":20,"loc":{"start":{"line":20,"column":12},"end":{"line":33,"column":5}},"locations":[{"start":{"line":20,"column":12},"end":{"line":33,"column":5}}]},"8":{"type":"branch","line":22,"loc":{"start":{"line":22,"column":12},"end":{"line":28,"column":7}},"locations":[{"start":{"line":22,"column":12},"end":{"line":28,"column":7}}]},"9":{"type":"branch","line":23,"loc":{"start":{"line":23,"column":33},"end":{"line":25,"column":15}},"locations":[{"start":{"line":23,"column":33},"end":{"line":25,"column":15}}]},"10":{"type":"branch","line":25,"loc":{"start":{"line":25,"column":8},"end":{"line":27,"column":9}},"locations":[{"start":{"line":25,"column":8},"end":{"line":27,"column":9}}]},"11":{"type":"branch","line":29,"loc":{"start":{"line":29,"column":13},"end":{"line":32,"column":7}},"locations":[{"start":{"line":29,"column":13},"end":{"line":32,"column":7}}]},"12":{"type":"branch","line":36,"loc":{"start":{"line":36,"column":12},"end":{"line":53,"column":5}},"locations":[{"start":{"line":36,"column":12},"end":{"line":53,"column":5}}]},"13":{"type":"branch","line":37,"loc":{"start":{"line":37,"column":9},"end":{"line":37,"column":33}},"locations":[{"start":{"line":37,"column":9},"end":{"line":37,"column":33}}]},"14":{"type":"branch","line":37,"loc":{"start":{"line":37,"column":33},"end":{"line":37,"column":40}},"locations":[{"start":{"line":37,"column":33},"end":{"line":37,"column":40}}]},"15":{"type":"branch","line":37,"loc":{"start":{"line":37,"column":33},"end":{"line":52,"column":22}},"locations":[{"start":{"line":37,"column":33},"end":{"line":52,"column":22}}]},"16":{"type":"branch","line":39,"loc":{"start":{"line":39,"column":28},"end":{"line":50,"column":6}},"locations":[{"start":{"line":39,"column":28},"end":{"line":50,"column":6}}]},"17":{"type":"branch","line":43,"loc":{"start":{"line":43,"column":9},"end":{"line":45,"column":15}},"locations":[{"start":{"line":43,"column":9},"end":{"line":45,"column":15}}]},"18":{"type":"branch","line":45,"loc":{"start":{"line":45,"column":6},"end":{"line":47,"column":8}},"locations":[{"start":{"line":45,"column":6},"end":{"line":47,"column":8}}]},"19":{"type":"branch","line":55,"loc":{"start":{"line":55,"column":21},"end":{"line":75,"column":4}},"locations":[{"start":{"line":55,"column":21},"end":{"line":75,"column":4}}]},"20":{"type":"branch","line":56,"loc":{"start":{"line":56,"column":28},"end":{"line":56,"column":35}},"locations":[{"start":{"line":56,"column":28},"end":{"line":56,"column":35}}]},"21":{"type":"branch","line":61,"loc":{"start":{"line":61,"column":18},"end":{"line":62,"column":42}},"locations":[{"start":{"line":61,"column":18},"end":{"line":62,"column":42}}]},"22":{"type":"branch","line":62,"loc":{"start":{"line":62,"column":33},"end":{"line":63,"column":41}},"locations":[{"start":{"line":62,"column":33},"end":{"line":63,"column":41}}]},"23":{"type":"branch","line":67,"loc":{"start":{"line":67,"column":7},"end":{"line":70,"column":13}},"locations":[{"start":{"line":67,"column":7},"end":{"line":70,"column":13}}]},"24":{"type":"branch","line":70,"loc":{"start":{"line":70,"column":4},"end":{"line":72,"column":6}},"locations":[{"start":{"line":70,"column":4},"end":{"line":72,"column":6}}]},"25":{"type":"branch","line":69,"loc":{"start":{"line":69,"column":17},"end":{"line":69,"column":32}},"locations":[{"start":{"line":69,"column":17},"end":{"line":69,"column":32}}]}},"b":{"0":[63],"1":[37],"2":[26],"3":[10],"4":[16],"5":[10],"6":[16],"7":[22],"8":[21],"9":[20],"10":[1],"11":[2],"12":[33],"13":[11],"14":[23],"15":[10],"16":[10],"17":[9],"18":[1],"19":[7],"20":[0],"21":[3],"22":[4],"23":[5],"24":[2],"25":[5]},"fnMap":{"0":{"name":"LikeButton","decl":{"start":{"line":12,"column":7},"end":{"line":95,"column":1}},"loc":{"start":{"line":12,"column":7},"end":{"line":95,"column":1}},"line":12},"1":{"name":"fetchLikeStatus","decl":{"start":{"line":39,"column":28},"end":{"line":50,"column":6}},"loc":{"start":{"line":39,"column":28},"end":{"line":50,"column":6}},"line":39},"2":{"name":"toggleLike","decl":{"start":{"line":55,"column":21},"end":{"line":75,"column":4}},"loc":{"start":{"line":55,"column":21},"end":{"line":75,"column":4}},"line":55}},"f":{"0":63,"1":10,"2":7}}
,"C:\\Users\\olesc\\OneDrive\\Desktop\\GetIntoMealPrepFinal\\GetIntoMealPrep\\client\\src\\components\\LikeButton\\useRecipeLikeStatus.ts": {"path":"C:\\Users\\olesc\\OneDrive\\Desktop\\GetIntoMealPrepFinal\\GetIntoMealPrep\\client\\src\\components\\LikeButton\\useRecipeLikeStatus.ts","all":false,"statementMap":{"1":{"start":{"line":2,"column":0},"end":{"line":2,"column":44}},"2":{"start":{"line":3,"column":0},"end":{"line":3,"column":40}},"3":{"start":{"line":4,"column":0},"end":{"line":4,"column":26}},"5":{"start":{"line":6,"column":0},"end":{"line":6,"column":55}},"6":{"start":{"line":7,"column":0},"end":{"line":7,"column":36}},"7":{"start":{"line":8,"column":0},"end":{"line":8,"column":48}},"8":{"start":{"line":9,"column":0},"end":{"line":9,"column":47}},"9":{"start":{"line":10,"column":0},"end":{"line":10,"column":50}},"11":{"start":{"line":12,"column":0},"end":{"line":12,"column":19}},"12":{"start":{"line":13,"column":0},"end":{"line":13,"column":37}},"13":{"start":{"line":14,"column":0},"end":{"line":14,"column":11}},"14":{"start":{"line":15,"column":0},"end":{"line":15,"column":41}},"15":{"start":{"line":16,"column":0},"end":{"line":16,"column":73}},"16":{"start":{"line":17,"column":0},"end":{"line":17,"column":56}},"17":{"start":{"line":18,"column":0},"end":{"line":18,"column":11}},"18":{"start":{"line":19,"column":0},"end":{"line":19,"column":38}},"19":{"start":{"line":20,"column":0},"end":{"line":20,"column":21}},"20":{"start":{"line":21,"column":0},"end":{"line":21,"column":66}},"21":{"start":{"line":22,"column":0},"end":{"line":22,"column":17}},"22":{"start":{"line":23,"column":0},"end":{"line":23,"column":26}},"23":{"start":{"line":24,"column":0},"end":{"line":24,"column":7}},"24":{"start":{"line":25,"column":0},"end":{"line":25,"column":6}},"26":{"start":{"line":27,"column":0},"end":{"line":27,"column":18}},"27":{"start":{"line":28,"column":0},"end":{"line":28,"column":29}},"29":{"start":{"line":30,"column":0},"end":{"line":30,"column":34}},"30":{"start":{"line":31,"column":0},"end":{"line":31,"column":25}},"32":{"start":{"line":33,"column":0},"end":{"line":33,"column":22}},"33":{"start":{"line":34,"column":0},"end":{"line":34,"column":9}},"34":{"start":{"line":35,"column":0},"end":{"line":35,"column":39}},"35":{"start":{"line":36,"column":0},"end":{"line":36,"column":25}},"36":{"start":{"line":37,"column":0},"end":{"line":37,"column":42}},"37":{"start":{"line":38,"column":0},"end":{"line":38,"column":41}},"39":{"start":{"line":40,"column":0},"end":{"line":40,"column":35}},"40":{"start":{"line":41,"column":0},"end":{"line":41,"column":54}},"41":{"start":{"line":42,"column":0},"end":{"line":42,"column":9}},"43":{"start":{"line":44,"column":0},"end":{"line":44,"column":27}},"44":{"start":{"line":45,"column":0},"end":{"line":45,"column":19}},"45":{"start":{"line":46,"column":0},"end":{"line":46,"column":67}},"46":{"start":{"line":47,"column":0},"end":{"line":47,"column":15}},"47":{"start":{"line":48,"column":0},"end":{"line":48,"column":25}},"48":{"start":{"line":49,"column":0},"end":{"line":49,"column":5}},"49":{"start":{"line":50,"column":0},"end":{"line":50,"column":4}},"51":{"start":{"line":52,"column":0},"end":{"line":52,"column":10}},"52":{"start":{"line":53,"column":0},"end":{"line":53,"column":12}},"53":{"start":{"line":54,"column":0},"end":{"line":54,"column":12}},"54":{"start":{"line":55,"column":0},"end":{"line":55,"column":13}},"55":{"start":{"line":56,"column":0},"end":{"line":56,"column":15}},"56":{"start":{"line":57,"column":0},"end":{"line":57,"column":4}},"57":{"start":{"line":58,"column":0},"end":{"line":58,"column":1}}},"s":{"1":1,"2":1,"3":1,"5":1,"6":39,"7":39,"8":39,"9":39,"11":39,"12":14,"13":14,"14":14,"15":13,"16":13,"17":13,"18":11,"19":14,"20":3,"21":14,"22":14,"23":14,"24":14,"26":14,"27":39,"29":39,"30":7,"32":6,"33":6,"34":6,"35":5,"36":1,"37":4,"39":7,"40":7,"41":7,"43":3,"44":3,"45":3,"46":7,"47":6,"48":6,"49":7,"51":39,"52":39,"53":39,"54":39,"55":39,"56":39,"57":39},"branchMap":{"0":{"type":"branch","line":6,"loc":{"start":{"line":6,"column":7},"end":{"line":58,"column":1}},"locations":[{"start":{"line":6,"column":7},"end":{"line":58,"column":1}}]},"1":{"type":"branch","line":12,"loc":{"start":{"line":12,"column":12},"end":{"line":28,"column":5}},"locations":[{"start":{"line":12,"column":12},"end":{"line":28,"column":5}}]},"2":{"type":"branch","line":13,"loc":{"start":{"line":13,"column":24},"end":{"line":25,"column":6}},"locations":[{"start":{"line":13,"column":24},"end":{"line":25,"column":6}}]},"3":{"type":"branch","line":15,"loc":{"start":{"line":15,"column":39},"end":{"line":18,"column":11}},"locations":[{"start":{"line":15,"column":39},"end":{"line":18,"column":11}}]},"4":{"type":"branch","line":18,"loc":{"start":{"line":18,"column":9},"end":{"line":20,"column":15}},"locations":[{"start":{"line":18,"column":9},"end":{"line":20,"column":15}}]},"5":{"type":"branch","line":20,"loc":{"start":{"line":20,"column":6},"end":{"line":22,"column":8}},"locations":[{"start":{"line":20,"column":6},"end":{"line":22,"column":8}}]},"6":{"type":"branch","line":30,"loc":{"start":{"line":30,"column":21},"end":{"line":50,"column":4}},"locations":[{"start":{"line":30,"column":21},"end":{"line":50,"column":4}}]},"7":{"type":"branch","line":31,"loc":{"start":{"line":31,"column":18},"end":{"line":31,"column":25}},"locations":[{"start":{"line":31,"column":18},"end":{"line":31,"column":25}}]},"8":{"type":"branch","line":31,"loc":{"start":{"line":31,"column":18},"end":{"line":35,"column":39}},"locations":[{"start":{"line":31,"column":18},"end":{"line":35,"column":39}}]},"9":{"type":"branch","line":35,"loc":{"start":{"line":35,"column":37},"end":{"line":36,"column":25}},"locations":[{"start":{"line":35,"column":37},"end":{"line":36,"column":25}}]},"10":{"type":"branch","line":36,"loc":{"start":{"line":36,"column":18},"end":{"line":37,"column":42}},"locations":[{"start":{"line":36,"column":18},"end":{"line":37,"column":42}}]},"11":{"type":"branch","line":37,"loc":{"start":{"line":37,"column":33},"end":{"line":38,"column":41}},"locations":[{"start":{"line":37,"column":33},"end":{"line":38,"column":41}}]},"12":{"type":"branch","line":42,"loc":{"start":{"line":42,"column":7},"end":{"line":47,"column":6}},"locations":[{"start":{"line":42,"column":7},"end":{"line":47,"column":6}}]},"13":{"type":"branch","line":47,"loc":{"start":{"line":47,"column":4},"end":{"line":49,"column":5}},"locations":[{"start":{"line":47,"column":4},"end":{"line":49,"column":5}}]}},"b":{"0":[39],"1":[14],"2":[14],"3":[13],"4":[11],"5":[3],"6":[7],"7":[1],"8":[6],"9":[5],"10":[1],"11":[4],"12":[3],"13":[6]},"fnMap":{"0":{"name":"useRecipeLikeStatus","decl":{"start":{"line":6,"column":7},"end":{"line":58,"column":1}},"loc":{"start":{"line":6,"column":7},"end":{"line":58,"column":1}},"line":6},"1":{"name":"fetchStatus","decl":{"start":{"line":13,"column":24},"end":{"line":25,"column":6}},"loc":{"start":{"line":13,"column":24},"end":{"line":25,"column":6}},"line":13},"2":{"name":"toggleLike","decl":{"start":{"line":30,"column":21},"end":{"line":50,"column":4}},"loc":{"start":{"line":30,"column":21},"end":{"line":50,"column":4}},"line":30}},"f":{"0":39,"1":14,"2":7}}
,"C:\\Users\\olesc\\OneDrive\\Desktop\\GetIntoMealPrepFinal\\GetIntoMealPrep\\client\\src\\components\\ProtectedRoute\\ProtectedRoute.tsx": {"path":"C:\\Users\\olesc\\OneDrive\\Desktop\\GetIntoMealPrepFinal\\GetIntoMealPrep\\client\\src\\components\\ProtectedRoute\\ProtectedRoute.tsx","all":false,"statementMap":{"1":{"start":{"line":2,"column":0},"end":{"line":2,"column":57}},"2":{"start":{"line":3,"column":0},"end":{"line":3,"column":40}},"8":{"start":{"line":9,"column":0},"end":{"line":9,"column":60}},"9":{"start":{"line":10,"column":0},"end":{"line":10,"column":52}},"10":{"start":{"line":11,"column":0},"end":{"line":11,"column":33}},"12":{"start":{"line":13,"column":0},"end":{"line":13,"column":18}},"13":{"start":{"line":14,"column":0},"end":{"line":14,"column":33}},"14":{"start":{"line":15,"column":0},"end":{"line":15,"column":3}},"16":{"start":{"line":17,"column":0},"end":{"line":17,"column":25}},"17":{"start":{"line":18,"column":0},"end":{"line":18,"column":73}},"18":{"start":{"line":19,"column":0},"end":{"line":19,"column":66}},"19":{"start":{"line":20,"column":0},"end":{"line":20,"column":3}},"21":{"start":{"line":22,"column":0},"end":{"line":22,"column":18}},"22":{"start":{"line":23,"column":0},"end":{"line":23,"column":1}},"24":{"start":{"line":25,"column":0},"end":{"line":25,"column":30}}},"s":{"1":1,"2":1,"8":11,"9":11,"10":11,"12":11,"13":4,"14":4,"16":8,"17":6,"18":6,"19":6,"21":1,"22":1,"24":1},"branchMap":{"0":{"type":"branch","line":9,"loc":{"start":{"line":9,"column":0},"end":{"line":23,"column":1}},"locations":[{"start":{"line":9,"column":0},"end":{"line":23,"column":1}}]},"1":{"type":"branch","line":13,"loc":{"start":{"line":13,"column":17},"end":{"line":20,"column":3}},"locations":[{"start":{"line":13,"column":17},"end":{"line":20,"column":3}}]},"2":{"type":"branch","line":13,"loc":{"start":{"line":13,"column":17},"end":{"line":15,"column":3}},"locations":[{"start":{"line":13,"column":17},"end":{"line":15,"column":3}}]},"3":{"type":"branch","line":15,"loc":{"start":{"line":15,"column":2},"end":{"line":17,"column":24}},"locations":[{"start":{"line":15,"column":2},"end":{"line":17,"column":24}}]},"4":{"type":"branch","line":17,"loc":{"start":{"line":17,"column":24},"end":{"line":20,"column":3}},"locations":[{"start":{"line":17,"column":24},"end":{"line":20,"column":3}}]},"5":{"type":"branch","line":20,"loc":{"start":{"line":20,"column":2},"end":{"line":23,"column":1}},"locations":[{"start":{"line":20,"column":2},"end":{"line":23,"column":1}}]}},"b":{"0":[11],"1":[8],"2":[4],"3":[7],"4":[6],"5":[1]},"fnMap":{"0":{"name":"ProtectedRoute","decl":{"start":{"line":9,"column":0},"end":{"line":23,"column":1}},"loc":{"start":{"line":9,"column":0},"end":{"line":23,"column":1}},"line":9}},"f":{"0":11}}
,"C:\\Users\\olesc\\OneDrive\\Desktop\\GetIntoMealPrepFinal\\GetIntoMealPrep\\client\\src\\components\\RecipeCard\\RecipeCard.tsx": {"path":"C:\\Users\\olesc\\OneDrive\\Desktop\\GetIntoMealPrepFinal\\GetIntoMealPrep\\client\\src\\components\\RecipeCard\\RecipeCard.tsx","all":false,"statementMap":{"1":{"start":{"line":2,"column":0},"end":{"line":2,"column":57}},"2":{"start":{"line":3,"column":0},"end":{"line":3,"column":79}},"3":{"start":{"line":4,"column":0},"end":{"line":4,"column":45}},"11":{"start":{"line":12,"column":0},"end":{"line":12,"column":67}},"12":{"start":{"line":13,"column":0},"end":{"line":13,"column":52}},"13":{"start":{"line":14,"column":0},"end":{"line":14,"column":66}},"14":{"start":{"line":15,"column":0},"end":{"line":15,"column":15}},"15":{"start":{"line":16,"column":0},"end":{"line":16,"column":4}},"17":{"start":{"line":18,"column":0},"end":{"line":18,"column":10}},"18":{"start":{"line":19,"column":0},"end":{"line":19,"column":8}},"19":{"start":{"line":20,"column":0},"end":{"line":20,"column":72}},"20":{"start":{"line":21,"column":0},"end":{"line":21,"column":31}},"22":{"start":{"line":23,"column":0},"end":{"line":23,"column":41}},"23":{"start":{"line":24,"column":0},"end":{"line":24,"column":63}},"24":{"start":{"line":25,"column":0},"end":{"line":25,"column":12}},"25":{"start":{"line":26,"column":0},"end":{"line":26,"column":43}},"26":{"start":{"line":27,"column":0},"end":{"line":27,"column":28}},"27":{"start":{"line":28,"column":0},"end":{"line":28,"column":43}},"28":{"start":{"line":29,"column":0},"end":{"line":29,"column":12}},"29":{"start":{"line":30,"column":0},"end":{"line":30,"column":10}},"31":{"start":{"line":32,"column":0},"end":{"line":32,"column":1}},"33":{"start":{"line":34,"column":0},"end":{"line":34,"column":26}}},"s":{"1":1,"2":1,"3":1,"11":17,"12":17,"13":4,"14":2,"15":4,"17":17,"18":17,"19":17,"20":17,"22":17,"23":17,"24":17,"25":17,"26":17,"27":17,"28":17,"29":17,"31":17,"33":1},"branchMap":{"0":{"type":"branch","line":12,"loc":{"start":{"line":12,"column":0},"end":{"line":32,"column":1}},"locations":[{"start":{"line":12,"column":0},"end":{"line":32,"column":1}}]},"1":{"type":"branch","line":20,"loc":{"start":{"line":20,"column":32},"end":{"line":20,"column":67}},"locations":[{"start":{"line":20,"column":32},"end":{"line":20,"column":67}}]},"2":{"type":"branch","line":20,"loc":{"start":{"line":20,"column":42},"end":{"line":20,"column":69}},"locations":[{"start":{"line":20,"column":42},"end":{"line":20,"column":69}}]},"3":{"type":"branch","line":13,"loc":{"start":{"line":13,"column":26},"end":{"line":16,"column":4}},"locations":[{"start":{"line":13,"column":26},"end":{"line":16,"column":4}}]},"4":{"type":"branch","line":14,"loc":{"start":{"line":14,"column":59},"end":{"line":15,"column":15}},"locations":[{"start":{"line":14,"column":59},"end":{"line":15,"column":15}}]}},"b":{"0":[17],"1":[1],"2":[16],"3":[4],"4":[2]},"fnMap":{"0":{"name":"RecipeCard","decl":{"start":{"line":12,"column":0},"end":{"line":32,"column":1}},"loc":{"start":{"line":12,"column":0},"end":{"line":32,"column":1}},"line":12},"1":{"name":"handleCardClick","decl":{"start":{"line":13,"column":26},"end":{"line":16,"column":4}},"loc":{"start":{"line":13,"column":26},"end":{"line":16,"column":4}},"line":13}},"f":{"0":17,"1":4}}
,"C:\\Users\\olesc\\OneDrive\\Desktop\\GetIntoMealPrepFinal\\GetIntoMealPrep\\client\\src\\components\\RecipeGrid\\RecipeGrid.tsx": {"path":"C:\\Users\\olesc\\OneDrive\\Desktop\\GetIntoMealPrepFinal\\GetIntoMealPrep\\client\\src\\components\\RecipeGrid\\RecipeGrid.tsx","all":false,"statementMap":{"0":{"start":{"line":1,"column":0},"end":{"line":1,"column":26}},"1":{"start":{"line":2,"column":0},"end":{"line":2,"column":50}},"11":{"start":{"line":12,"column":0},"end":{"line":12,"column":84}},"12":{"start":{"line":13,"column":0},"end":{"line":13,"column":10}},"13":{"start":{"line":14,"column":0},"end":{"line":14,"column":8}},"14":{"start":{"line":15,"column":0},"end":{"line":15,"column":78}},"16":{"start":{"line":17,"column":0},"end":{"line":17,"column":32}},"17":{"start":{"line":18,"column":0},"end":{"line":18,"column":19}},"18":{"start":{"line":19,"column":0},"end":{"line":19,"column":25}},"19":{"start":{"line":20,"column":0},"end":{"line":20,"column":25}},"20":{"start":{"line":21,"column":0},"end":{"line":21,"column":27}},"21":{"start":{"line":22,"column":0},"end":{"line":22,"column":43}},"22":{"start":{"line":23,"column":0},"end":{"line":23,"column":10}},"23":{"start":{"line":24,"column":0},"end":{"line":24,"column":9}},"24":{"start":{"line":25,"column":0},"end":{"line":25,"column":10}},"26":{"start":{"line":27,"column":0},"end":{"line":27,"column":2}},"28":{"start":{"line":29,"column":0},"end":{"line":29,"column":26}}},"s":{"0":1,"1":1,"11":1,"12":17,"13":17,"14":17,"16":17,"17":27,"18":27,"19":27,"20":27,"21":27,"22":27,"23":17,"24":17,"26":17,"28":1},"branchMap":{"0":{"type":"branch","line":12,"loc":{"start":{"line":12,"column":19},"end":{"line":27,"column":2}},"locations":[{"start":{"line":12,"column":19},"end":{"line":27,"column":2}}]},"1":{"type":"branch","line":15,"loc":{"start":{"line":15,"column":32},"end":{"line":15,"column":54}},"locations":[{"start":{"line":15,"column":32},"end":{"line":15,"column":54}}]},"2":{"type":"branch","line":15,"loc":{"start":{"line":15,"column":42},"end":{"line":15,"column":56}},"locations":[{"start":{"line":15,"column":42},"end":{"line":15,"column":56}}]},"3":{"type":"branch","line":17,"loc":{"start":{"line":17,"column":19},"end":{"line":23,"column":10}},"locations":[{"start":{"line":17,"column":19},"end":{"line":23,"column":10}}]},"4":{"type":"branch","line":22,"loc":{"start":{"line":22,"column":20},"end":{"line":22,"column":43}},"locations":[{"start":{"line":22,"column":20},"end":{"line":22,"column":43}}]}},"b":{"0":[17],"1":[1],"2":[16],"3":[27],"4":[3]},"fnMap":{"0":{"name":"RecipeGrid","decl":{"start":{"line":12,"column":19},"end":{"line":27,"column":2}},"loc":{"start":{"line":12,"column":19},"end":{"line":27,"column":2}},"line":12},"1":{"name":"onSelect","decl":{"start":{"line":22,"column":20},"end":{"line":22,"column":43}},"loc":{"start":{"line":22,"column":20},"end":{"line":22,"column":43}},"line":22}},"f":{"0":17,"1":3}}
,"C:\\Users\\olesc\\OneDrive\\Desktop\\GetIntoMealPrepFinal\\GetIntoMealPrep\\client\\src\\components\\RecipeImage\\RecipeImage.tsx": {"path":"C:\\Users\\olesc\\OneDrive\\Desktop\\GetIntoMealPrepFinal\\GetIntoMealPrep\\client\\src\\components\\RecipeImage\\RecipeImage.tsx","all":false,"statementMap":{"0":{"start":{"line":1,"column":0},"end":{"line":1,"column":54}},"8":{"start":{"line":9,"column":0},"end":{"line":9,"column":54}},"9":{"start":{"line":10,"column":0},"end":{"line":10,"column":10}},"10":{"start":{"line":11,"column":0},"end":{"line":11,"column":8}},"11":{"start":{"line":12,"column":0},"end":{"line":12,"column":28}},"12":{"start":{"line":13,"column":0},"end":{"line":13,"column":15}},"13":{"start":{"line":14,"column":0},"end":{"line":14,"column":27}},"14":{"start":{"line":15,"column":0},"end":{"line":15,"column":23}},"15":{"start":{"line":16,"column":0},"end":{"line":16,"column":68}},"16":{"start":{"line":17,"column":0},"end":{"line":17,"column":8}},"17":{"start":{"line":18,"column":0},"end":{"line":18,"column":6}},"19":{"start":{"line":20,"column":0},"end":{"line":20,"column":1}},"21":{"start":{"line":22,"column":0},"end":{"line":22,"column":27}}},"s":{"0":1,"8":19,"9":19,"10":19,"11":19,"12":19,"13":19,"14":19,"15":1,"16":1,"17":19,"19":19,"21":1},"branchMap":{"0":{"type":"branch","line":9,"loc":{"start":{"line":9,"column":0},"end":{"line":20,"column":1}},"locations":[{"start":{"line":9,"column":0},"end":{"line":20,"column":1}}]},"1":{"type":"branch","line":15,"loc":{"start":{"line":15,"column":15},"end":{"line":17,"column":8}},"locations":[{"start":{"line":15,"column":15},"end":{"line":17,"column":8}}]}},"b":{"0":[19],"1":[1]},"fnMap":{"0":{"name":"RecipeImage","decl":{"start":{"line":9,"column":0},"end":{"line":20,"column":1}},"loc":{"start":{"line":9,"column":0},"end":{"line":20,"column":1}},"line":9},"1":{"name":"onError","decl":{"start":{"line":15,"column":15},"end":{"line":17,"column":8}},"loc":{"start":{"line":15,"column":15},"end":{"line":17,"column":8}},"line":15}},"f":{"0":19,"1":1}}
,"C:\\Users\\olesc\\OneDrive\\Desktop\\GetIntoMealPrepFinal\\GetIntoMealPrep\\client\\src\\pages\\Dashboard\\Dashboard.tsx": {"path":"C:\\Users\\olesc\\OneDrive\\Desktop\\GetIntoMealPrepFinal\\GetIntoMealPrep\\client\\src\\pages\\Dashboard\\Dashboard.tsx","all":false,"statementMap":{"0":{"start":{"line":1,"column":0},"end":{"line":1,"column":61}},"1":{"start":{"line":2,"column":0},"end":{"line":2,"column":70}},"2":{"start":{"line":3,"column":0},"end":{"line":3,"column":60}},"3":{"start":{"line":4,"column":0},"end":{"line":4,"column":25}},"5":{"start":{"line":6,"column":0},"end":{"line":6,"column":22}},"6":{"start":{"line":7,"column":0},"end":{"line":7,"column":59}},"8":{"start":{"line":9,"column":0},"end":{"line":9,"column":16}},"9":{"start":{"line":10,"column":0},"end":{"line":10,"column":74}},"10":{"start":{"line":11,"column":0},"end":{"line":11,"column":3}},"12":{"start":{"line":13,"column":0},"end":{"line":13,"column":30}},"13":{"start":{"line":14,"column":0},"end":{"line":14,"column":86}},"14":{"start":{"line":15,"column":0},"end":{"line":15,"column":3}},"16":{"start":{"line":17,"column":0},"end":{"line":17,"column":35}},"18":{"start":{"line":19,"column":0},"end":{"line":19,"column":10}},"19":{"start":{"line":20,"column":0},"end":{"line":20,"column":39}},"20":{"start":{"line":21,"column":0},"end":{"line":21,"column":66}},"21":{"start":{"line":22,"column":0},"end":{"line":22,"column":24}},"22":{"start":{"line":23,"column":0},"end":{"line":23,"column":27}},"23":{"start":{"line":24,"column":0},"end":{"line":24,"column":10}},"25":{"start":{"line":26,"column":0},"end":{"line":26,"column":1}},"27":{"start":{"line":28,"column":0},"end":{"line":28,"column":25}}},"s":{"0":1,"1":1,"2":1,"3":1,"5":5,"6":5,"8":5,"9":1,"10":1,"12":5,"13":2,"14":2,"16":2,"18":2,"19":2,"20":2,"21":2,"22":2,"23":2,"25":2,"27":1},"branchMap":{"0":{"type":"branch","line":6,"loc":{"start":{"line":6,"column":0},"end":{"line":26,"column":1}},"locations":[{"start":{"line":6,"column":0},"end":{"line":26,"column":1}}]},"1":{"type":"branch","line":9,"loc":{"start":{"line":9,"column":15},"end":{"line":11,"column":3}},"locations":[{"start":{"line":9,"column":15},"end":{"line":11,"column":3}}]},"2":{"type":"branch","line":11,"loc":{"start":{"line":11,"column":2},"end":{"line":13,"column":15}},"locations":[{"start":{"line":11,"column":2},"end":{"line":13,"column":15}}]},"3":{"type":"branch","line":13,"loc":{"start":{"line":13,"column":6},"end":{"line":13,"column":29}},"locations":[{"start":{"line":13,"column":6},"end":{"line":13,"column":29}}]},"4":{"type":"branch","line":13,"loc":{"start":{"line":13,"column":29},"end":{"line":26,"column":1}},"locations":[{"start":{"line":13,"column":29},"end":{"line":26,"column":1}}]}},"b":{"0":[5],"1":[1],"2":[4],"3":[3],"4":[2]},"fnMap":{"0":{"name":"Dashboard","decl":{"start":{"line":6,"column":0},"end":{"line":26,"column":1}},"loc":{"start":{"line":6,"column":0},"end":{"line":26,"column":1}},"line":6}},"f":{"0":5}}
,"C:\\Users\\olesc\\OneDrive\\Desktop\\GetIntoMealPrepFinal\\GetIntoMealPrep\\client\\src\\pages\\Dashboard\\DashboardCards\\DashboardCards.tsx": {"path":"C:\\Users\\olesc\\OneDrive\\Desktop\\GetIntoMealPrepFinal\\GetIntoMealPrep\\client\\src\\pages\\Dashboard\\DashboardCards\\DashboardCards.tsx","all":false,"statementMap":{"0":{"start":{"line":1,"column":0},"end":{"line":1,"column":59}},"1":{"start":{"line":2,"column":0},"end":{"line":2,"column":47}},"2":{"start":{"line":3,"column":0},"end":{"line":3,"column":30}},"4":{"start":{"line":5,"column":0},"end":{"line":5,"column":27}},"5":{"start":{"line":6,"column":0},"end":{"line":6,"column":33}},"7":{"start":{"line":8,"column":0},"end":{"line":8,"column":10}},"8":{"start":{"line":9,"column":0},"end":{"line":9,"column":37}},"9":{"start":{"line":10,"column":0},"end":{"line":10,"column":75}},"10":{"start":{"line":11,"column":0},"end":{"line":11,"column":62}},"11":{"start":{"line":12,"column":0},"end":{"line":12,"column":29}},"12":{"start":{"line":13,"column":0},"end":{"line":13,"column":57}},"13":{"start":{"line":14,"column":0},"end":{"line":14,"column":12}},"14":{"start":{"line":15,"column":0},"end":{"line":15,"column":78}},"15":{"start":{"line":16,"column":0},"end":{"line":16,"column":59}},"16":{"start":{"line":17,"column":0},"end":{"line":17,"column":32}},"17":{"start":{"line":18,"column":0},"end":{"line":18,"column":56}},"18":{"start":{"line":19,"column":0},"end":{"line":19,"column":12}},"19":{"start":{"line":20,"column":0},"end":{"line":20,"column":10}},"21":{"start":{"line":22,"column":0},"end":{"line":22,"column":1}},"23":{"start":{"line":24,"column":0},"end":{"line":24,"column":30}}},"s":{"0":1,"1":1,"2":1,"4":4,"5":4,"7":4,"8":4,"9":4,"10":4,"11":4,"12":4,"13":4,"14":4,"15":4,"16":4,"17":4,"18":4,"19":4,"21":4,"23":1},"branchMap":{"0":{"type":"branch","line":5,"loc":{"start":{"line":5,"column":0},"end":{"line":22,"column":1}},"locations":[{"start":{"line":5,"column":0},"end":{"line":22,"column":1}}]},"1":{"type":"branch","line":10,"loc":{"start":{"line":10,"column":47},"end":{"line":10,"column":75}},"locations":[{"start":{"line":10,"column":47},"end":{"line":10,"column":75}}]},"2":{"type":"branch","line":15,"loc":{"start":{"line":15,"column":47},"end":{"line":15,"column":78}},"locations":[{"start":{"line":15,"column":47},"end":{"line":15,"column":78}}]}},"b":{"0":[4],"1":[2],"2":[2]},"fnMap":{"0":{"name":"DashboardCards","decl":{"start":{"line":5,"column":0},"end":{"line":22,"column":1}},"loc":{"start":{"line":5,"column":0},"end":{"line":22,"column":1}},"line":5},"1":{"name":"onClick","decl":{"start":{"line":10,"column":47},"end":{"line":10,"column":75}},"loc":{"start":{"line":10,"column":47},"end":{"line":10,"column":75}},"line":10},"2":{"name":"onClick","decl":{"start":{"line":15,"column":47},"end":{"line":15,"column":78}},"loc":{"start":{"line":15,"column":47},"end":{"line":15,"column":78}},"line":15}},"f":{"0":4,"1":2,"2":2}}
,"C:\\Users\\olesc\\OneDrive\\Desktop\\GetIntoMealPrepFinal\\GetIntoMealPrep\\client\\src\\pages\\Dashboard\\DashboardPanel\\DashboardPanel.tsx": {"path":"C:\\Users\\olesc\\OneDrive\\Desktop\\GetIntoMealPrepFinal\\GetIntoMealPrep\\client\\src\\pages\\Dashboard\\DashboardPanel\\DashboardPanel.tsx","all":false,"statementMap":{"0":{"start":{"line":1,"column":0},"end":{"line":1,"column":62}},"1":{"start":{"line":2,"column":0},"end":{"line":2,"column":62}},"2":{"start":{"line":3,"column":0},"end":{"line":3,"column":30}},"4":{"start":{"line":5,"column":0},"end":{"line":5,"column":27}},"5":{"start":{"line":6,"column":0},"end":{"line":6,"column":10}},"6":{"start":{"line":7,"column":0},"end":{"line":7,"column":77}},"7":{"start":{"line":8,"column":0},"end":{"line":8,"column":24}},"8":{"start":{"line":9,"column":0},"end":{"line":9,"column":24}},"9":{"start":{"line":10,"column":0},"end":{"line":10,"column":10}},"11":{"start":{"line":12,"column":0},"end":{"line":12,"column":1}},"13":{"start":{"line":14,"column":0},"end":{"line":14,"column":30}}},"s":{"0":1,"1":1,"2":1,"4":3,"5":3,"6":3,"7":3,"8":3,"9":3,"11":3,"13":1},"branchMap":{"0":{"type":"branch","line":5,"loc":{"start":{"line":5,"column":0},"end":{"line":12,"column":1}},"locations":[{"start":{"line":5,"column":0},"end":{"line":12,"column":1}}]}},"b":{"0":[3]},"fnMap":{"0":{"name":"DashboardPanel","decl":{"start":{"line":5,"column":0},"end":{"line":12,"column":1}},"loc":{"start":{"line":5,"column":0},"end":{"line":12,"column":1}},"line":5}},"f":{"0":3}}
,"C:\\Users\\olesc\\OneDrive\\Desktop\\GetIntoMealPrepFinal\\GetIntoMealPrep\\client\\src\\pages\\Dashboard\\DashboardStats\\DashboardStats.tsx": {"path":"C:\\Users\\olesc\\OneDrive\\Desktop\\GetIntoMealPrepFinal\\GetIntoMealPrep\\client\\src\\pages\\Dashboard\\DashboardStats\\DashboardStats.tsx","all":false,"statementMap":{"0":{"start":{"line":1,"column":0},"end":{"line":1,"column":53}},"1":{"start":{"line":2,"column":0},"end":{"line":2,"column":63}},"2":{"start":{"line":3,"column":0},"end":{"line":3,"column":49}},"3":{"start":{"line":4,"column":0},"end":{"line":4,"column":30}},"5":{"start":{"line":6,"column":0},"end":{"line":6,"column":27}},"6":{"start":{"line":7,"column":0},"end":{"line":7,"column":10}},"7":{"start":{"line":8,"column":0},"end":{"line":8,"column":37}},"8":{"start":{"line":9,"column":0},"end":{"line":9,"column":39}},"10":{"start":{"line":11,"column":0},"end":{"line":11,"column":33}},"11":{"start":{"line":12,"column":0},"end":{"line":12,"column":34}},"12":{"start":{"line":13,"column":0},"end":{"line":13,"column":31}},"13":{"start":{"line":14,"column":0},"end":{"line":14,"column":12}},"15":{"start":{"line":16,"column":0},"end":{"line":16,"column":33}},"16":{"start":{"line":17,"column":0},"end":{"line":17,"column":43}},"17":{"start":{"line":18,"column":0},"end":{"line":18,"column":48}},"18":{"start":{"line":19,"column":0},"end":{"line":19,"column":54}},"19":{"start":{"line":20,"column":0},"end":{"line":20,"column":59}},"20":{"start":{"line":21,"column":0},"end":{"line":21,"column":14}},"21":{"start":{"line":22,"column":0},"end":{"line":22,"column":12}},"23":{"start":{"line":24,"column":0},"end":{"line":24,"column":33}},"24":{"start":{"line":25,"column":0},"end":{"line":25,"column":54}},"25":{"start":{"line":26,"column":0},"end":{"line":26,"column":48}},"26":{"start":{"line":27,"column":0},"end":{"line":27,"column":54}},"27":{"start":{"line":28,"column":0},"end":{"line":28,"column":62}},"28":{"start":{"line":29,"column":0},"end":{"line":29,"column":14}},"29":{"start":{"line":30,"column":0},"end":{"line":30,"column":12}},"30":{"start":{"line":31,"column":0},"end":{"line":31,"column":10}},"32":{"start":{"line":33,"column":0},"end":{"line":33,"column":1}},"34":{"start":{"line":35,"column":0},"end":{"line":35,"column":30}}},"s":{"0":1,"1":1,"2":1,"3":1,"5":5,"6":5,"7":5,"8":5,"10":5,"11":5,"12":5,"13":5,"15":5,"16":5,"17":5,"18":5,"19":5,"20":5,"21":5,"23":5,"24":5,"25":5,"26":5,"27":5,"28":5,"29":5,"30":5,"32":5,"34":1},"branchMap":{"0":{"type":"branch","line":6,"loc":{"start":{"line":6,"column":0},"end":{"line":33,"column":1}},"locations":[{"start":{"line":6,"column":0},"end":{"line":33,"column":1}}]}},"b":{"0":[5]},"fnMap":{"0":{"name":"DashboardStats","decl":{"start":{"line":6,"column":0},"end":{"line":33,"column":1}},"loc":{"start":{"line":6,"column":0},"end":{"line":33,"column":1}},"line":6}},"f":{"0":5}}
,"C:\\Users\\olesc\\OneDrive\\Desktop\\GetIntoMealPrepFinal\\GetIntoMealPrep\\client\\src\\pages\\Dashboard\\RecipeSuggestions\\RecipeSuggestions.tsx": {"path":"C:\\Users\\olesc\\OneDrive\\Desktop\\GetIntoMealPrepFinal\\GetIntoMealPrep\\client\\src\\pages\\Dashboard\\RecipeSuggestions\\RecipeSuggestions.tsx","all":false,"statementMap":{"0":{"start":{"line":1,"column":0},"end":{"line":1,"column":47}},"1":{"start":{"line":2,"column":0},"end":{"line":2,"column":55}},"2":{"start":{"line":3,"column":0},"end":{"line":3,"column":33}},"3":{"start":{"line":4,"column":0},"end":{"line":4,"column":65}},"4":{"start":{"line":5,"column":0},"end":{"line":5,"column":71}},"6":{"start":{"line":7,"column":0},"end":{"line":7,"column":30}},"7":{"start":{"line":8,"column":0},"end":{"line":8,"column":33}},"8":{"start":{"line":9,"column":0},"end":{"line":9,"column":62}},"10":{"start":{"line":11,"column":0},"end":{"line":11,"column":49}},"11":{"start":{"line":12,"column":0},"end":{"line":12,"column":39}},"13":{"start":{"line":14,"column":0},"end":{"line":14,"column":10}},"14":{"start":{"line":15,"column":0},"end":{"line":15,"column":40}},"15":{"start":{"line":16,"column":0},"end":{"line":16,"column":49}},"16":{"start":{"line":17,"column":0},"end":{"line":17,"column":17}},"17":{"start":{"line":18,"column":0},"end":{"line":18,"column":25}},"18":{"start":{"line":19,"column":0},"end":{"line":19,"column":64}},"19":{"start":{"line":20,"column":0},"end":{"line":20,"column":19}},"20":{"start":{"line":21,"column":0},"end":{"line":21,"column":8}},"21":{"start":{"line":22,"column":0},"end":{"line":22,"column":13}},"22":{"start":{"line":23,"column":0},"end":{"line":23,"column":20}},"23":{"start":{"line":24,"column":0},"end":{"line":24,"column":25}},"24":{"start":{"line":25,"column":0},"end":{"line":25,"column":44}},"25":{"start":{"line":26,"column":0},"end":{"line":26,"column":7}},"27":{"start":{"line":28,"column":0},"end":{"line":28,"column":15}},"28":{"start":{"line":29,"column":0},"end":{"line":29,"column":10}},"30":{"start":{"line":31,"column":0},"end":{"line":31,"column":1}},"32":{"start":{"line":33,"column":0},"end":{"line":33,"column":33}}},"s":{"0":1,"1":1,"2":1,"3":1,"4":1,"6":8,"7":8,"8":8,"10":8,"11":8,"13":5,"14":5,"15":5,"16":5,"17":5,"18":5,"19":5,"20":5,"21":5,"22":5,"23":5,"24":5,"25":5,"27":5,"28":5,"30":5,"32":1},"branchMap":{"0":{"type":"branch","line":7,"loc":{"start":{"line":7,"column":0},"end":{"line":31,"column":1}},"locations":[{"start":{"line":7,"column":0},"end":{"line":31,"column":1}}]},"1":{"type":"branch","line":11,"loc":{"start":{"line":11,"column":15},"end":{"line":11,"column":49}},"locations":[{"start":{"line":11,"column":15},"end":{"line":11,"column":49}}]},"2":{"type":"branch","line":11,"loc":{"start":{"line":11,"column":42},"end":{"line":12,"column":20}},"locations":[{"start":{"line":11,"column":42},"end":{"line":12,"column":20}}]},"3":{"type":"branch","line":12,"loc":{"start":{"line":12,"column":13},"end":{"line":12,"column":39}},"locations":[{"start":{"line":12,"column":13},"end":{"line":12,"column":39}}]},"4":{"type":"branch","line":12,"loc":{"start":{"line":12,"column":32},"end":{"line":31,"column":1}},"locations":[{"start":{"line":12,"column":32},"end":{"line":31,"column":1}}]},"5":{"type":"branch","line":19,"loc":{"start":{"line":19,"column":18},"end":{"line":19,"column":64}},"locations":[{"start":{"line":19,"column":18},"end":{"line":19,"column":64}}]},"6":{"type":"branch","line":25,"loc":{"start":{"line":25,"column":17},"end":{"line":25,"column":44}},"locations":[{"start":{"line":25,"column":17},"end":{"line":25,"column":44}}]}},"b":{"0":[8],"1":[2],"2":[6],"3":[1],"4":[5],"5":[1],"6":[1]},"fnMap":{"0":{"name":"RecipeSuggestions","decl":{"start":{"line":7,"column":0},"end":{"line":31,"column":1}},"loc":{"start":{"line":7,"column":0},"end":{"line":31,"column":1}},"line":7},"1":{"name":"onSelect","decl":{"start":{"line":19,"column":18},"end":{"line":19,"column":64}},"loc":{"start":{"line":19,"column":18},"end":{"line":19,"column":64}},"line":19},"2":{"name":"onClick","decl":{"start":{"line":25,"column":17},"end":{"line":25,"column":44}},"loc":{"start":{"line":25,"column":17},"end":{"line":25,"column":44}},"line":25}},"f":{"0":8,"1":1,"2":1}}
,"C:\\Users\\olesc\\OneDrive\\Desktop\\GetIntoMealPrepFinal\\GetIntoMealPrep\\client\\src\\pages\\Dashboard\\RecipeSuggestions\\useRecipeSuggestions.ts": {"path":"C:\\Users\\olesc\\OneDrive\\Desktop\\GetIntoMealPrepFinal\\GetIntoMealPrep\\client\\src\\pages\\Dashboard\\RecipeSuggestions\\useRecipeSuggestions.ts","all":false,"statementMap":{"0":{"start":{"line":1,"column":0},"end":{"line":1,"column":44}},"1":{"start":{"line":2,"column":0},"end":{"line":2,"column":40}},"2":{"start":{"line":3,"column":0},"end":{"line":3,"column":26}},"5":{"start":{"line":6,"column":0},"end":{"line":6,"column":53}},"6":{"start":{"line":7,"column":0},"end":{"line":7,"column":36}},"8":{"start":{"line":9,"column":0},"end":{"line":9,"column":58}},"9":{"start":{"line":10,"column":0},"end":{"line":10,"column":55}},"10":{"start":{"line":11,"column":0},"end":{"line":11,"column":58}},"11":{"start":{"line":12,"column":0},"end":{"line":12,"column":47}},"14":{"start":{"line":15,"column":0},"end":{"line":15,"column":19}},"15":{"start":{"line":16,"column":0},"end":{"line":16,"column":16}},"16":{"start":{"line":17,"column":0},"end":{"line":17,"column":24}},"17":{"start":{"line":18,"column":0},"end":{"line":18,"column":34}},"18":{"start":{"line":19,"column":0},"end":{"line":19,"column":26}},"19":{"start":{"line":20,"column":0},"end":{"line":20,"column":16}},"20":{"start":{"line":21,"column":0},"end":{"line":21,"column":48}},"21":{"start":{"line":22,"column":0},"end":{"line":22,"column":9}},"22":{"start":{"line":23,"column":0},"end":{"line":23,"column":8}},"23":{"start":{"line":24,"column":0},"end":{"line":24,"column":23}},"24":{"start":{"line":25,"column":0},"end":{"line":25,"column":59}},"25":{"start":{"line":26,"column":0},"end":{"line":26,"column":53}},"26":{"start":{"line":27,"column":0},"end":{"line":27,"column":26}},"27":{"start":{"line":28,"column":0},"end":{"line":28,"column":9}},"28":{"start":{"line":29,"column":0},"end":{"line":29,"column":19}},"31":{"start":{"line":32,"column":0},"end":{"line":32,"column":19}},"32":{"start":{"line":33,"column":0},"end":{"line":33,"column":23}},"34":{"start":{"line":35,"column":0},"end":{"line":35,"column":38}},"35":{"start":{"line":36,"column":0},"end":{"line":36,"column":11}},"36":{"start":{"line":37,"column":0},"end":{"line":37,"column":74}},"37":{"start":{"line":38,"column":0},"end":{"line":38,"column":20}},"38":{"start":{"line":39,"column":0},"end":{"line":39,"column":45}},"39":{"start":{"line":40,"column":0},"end":{"line":40,"column":12}},"40":{"start":{"line":41,"column":0},"end":{"line":41,"column":11}},"41":{"start":{"line":42,"column":0},"end":{"line":42,"column":29}},"42":{"start":{"line":43,"column":0},"end":{"line":43,"column":21}},"43":{"start":{"line":44,"column":0},"end":{"line":44,"column":60}},"44":{"start":{"line":45,"column":0},"end":{"line":45,"column":50}},"45":{"start":{"line":46,"column":0},"end":{"line":46,"column":17}},"46":{"start":{"line":47,"column":0},"end":{"line":47,"column":26}},"47":{"start":{"line":48,"column":0},"end":{"line":48,"column":7}},"48":{"start":{"line":49,"column":0},"end":{"line":49,"column":6}},"50":{"start":{"line":51,"column":0},"end":{"line":51,"column":19}},"51":{"start":{"line":52,"column":0},"end":{"line":52,"column":21}},"53":{"start":{"line":54,"column":0},"end":{"line":54,"column":37}},"54":{"start":{"line":55,"column":0},"end":{"line":55,"column":1}}},"s":{"0":1,"1":1,"2":1,"5":1,"6":19,"8":19,"9":19,"10":19,"11":19,"14":19,"15":7,"16":7,"17":5,"18":4,"19":5,"20":1,"21":1,"22":7,"23":7,"24":3,"25":3,"26":3,"27":7,"28":19,"31":19,"32":12,"34":4,"35":4,"36":4,"37":4,"38":4,"39":4,"40":4,"41":3,"42":4,"43":1,"44":1,"45":4,"46":4,"47":4,"48":4,"50":4,"51":19,"53":19,"54":19},"branchMap":{"0":{"type":"branch","line":6,"loc":{"start":{"line":6,"column":7},"end":{"line":55,"column":1}},"locations":[{"start":{"line":6,"column":7},"end":{"line":55,"column":1}}]},"1":{"type":"branch","line":15,"loc":{"start":{"line":15,"column":12},"end":{"line":29,"column":5}},"locations":[{"start":{"line":15,"column":12},"end":{"line":29,"column":5}}]},"2":{"type":"branch","line":17,"loc":{"start":{"line":17,"column":12},"end":{"line":23,"column":7}},"locations":[{"start":{"line":17,"column":12},"end":{"line":23,"column":7}}]},"3":{"type":"branch","line":18,"loc":{"start":{"line":18,"column":33},"end":{"line":20,"column":15}},"locations":[{"start":{"line":18,"column":33},"end":{"line":20,"column":15}}]},"4":{"type":"branch","line":20,"loc":{"start":{"line":20,"column":8},"end":{"line":22,"column":9}},"locations":[{"start":{"line":20,"column":8},"end":{"line":22,"column":9}}]},"5":{"type":"branch","line":24,"loc":{"start":{"line":24,"column":13},"end":{"line":28,"column":7}},"locations":[{"start":{"line":24,"column":13},"end":{"line":28,"column":7}}]},"6":{"type":"branch","line":32,"loc":{"start":{"line":32,"column":12},"end":{"line":52,"column":5}},"locations":[{"start":{"line":32,"column":12},"end":{"line":52,"column":5}}]},"7":{"type":"branch","line":33,"loc":{"start":{"line":33,"column":16},"end":{"line":33,"column":23}},"locations":[{"start":{"line":33,"column":16},"end":{"line":33,"column":23}}]},"8":{"type":"branch","line":33,"loc":{"start":{"line":33,"column":16},"end":{"line":51,"column":19}},"locations":[{"start":{"line":33,"column":16},"end":{"line":51,"column":19}}]},"9":{"type":"branch","line":35,"loc":{"start":{"line":35,"column":25},"end":{"line":49,"column":6}},"locations":[{"start":{"line":35,"column":25},"end":{"line":49,"column":6}}]},"10":{"type":"branch","line":41,"loc":{"start":{"line":41,"column":9},"end":{"line":43,"column":15}},"locations":[{"start":{"line":41,"column":9},"end":{"line":43,"column":15}}]},"11":{"type":"branch","line":43,"loc":{"start":{"line":43,"column":6},"end":{"line":46,"column":8}},"locations":[{"start":{"line":43,"column":6},"end":{"line":46,"column":8}}]}},"b":{"0":[19],"1":[7],"2":[5],"3":[4],"4":[1],"5":[3],"6":[12],"7":[8],"8":[4],"9":[4],"10":[3],"11":[1]},"fnMap":{"0":{"name":"useRecipeSuggestions","decl":{"start":{"line":6,"column":7},"end":{"line":55,"column":1}},"loc":{"start":{"line":6,"column":7},"end":{"line":55,"column":1}},"line":6},"1":{"name":"fetchRecipes","decl":{"start":{"line":35,"column":25},"end":{"line":49,"column":6}},"loc":{"start":{"line":35,"column":25},"end":{"line":49,"column":6}},"line":35}},"f":{"0":19,"1":4}}
,"C:\\Users\\olesc\\OneDrive\\Desktop\\GetIntoMealPrepFinal\\GetIntoMealPrep\\client\\src\\pages\\Dashboard\\RecipeSuggestions\\RecipeModal\\RecipeModal.tsx": {"path":"C:\\Users\\olesc\\OneDrive\\Desktop\\GetIntoMealPrepFinal\\GetIntoMealPrep\\client\\src\\pages\\Dashboard\\RecipeSuggestions\\RecipeModal\\RecipeModal.tsx","all":false,"statementMap":{"1":{"start":{"line":2,"column":0},"end":{"line":2,"column":77}},"8":{"start":{"line":9,"column":0},"end":{"line":9,"column":50}},"9":{"start":{"line":10,"column":0},"end":{"line":10,"column":10}},"10":{"start":{"line":11,"column":0},"end":{"line":11,"column":52}},"11":{"start":{"line":12,"column":0},"end":{"line":12,"column":81}},"12":{"start":{"line":13,"column":0},"end":{"line":13,"column":30}},"13":{"start":{"line":14,"column":0},"end":{"line":14,"column":63}},"14":{"start":{"line":15,"column":0},"end":{"line":15,"column":64}},"15":{"start":{"line":16,"column":0},"end":{"line":16,"column":74}},"16":{"start":{"line":17,"column":0},"end":{"line":17,"column":66}},"17":{"start":{"line":18,"column":0},"end":{"line":18,"column":44}},"18":{"start":{"line":19,"column":0},"end":{"line":19,"column":36}},"19":{"start":{"line":20,"column":0},"end":{"line":20,"column":52}},"20":{"start":{"line":21,"column":0},"end":{"line":21,"column":12}},"21":{"start":{"line":22,"column":0},"end":{"line":22,"column":10}},"23":{"start":{"line":24,"column":0},"end":{"line":24,"column":1}},"25":{"start":{"line":26,"column":0},"end":{"line":26,"column":27}}},"s":{"1":1,"8":4,"9":4,"10":4,"11":4,"12":4,"13":4,"14":4,"15":4,"16":4,"17":4,"18":4,"19":4,"20":4,"21":4,"23":4,"25":1},"branchMap":{"0":{"type":"branch","line":9,"loc":{"start":{"line":9,"column":0},"end":{"line":24,"column":1}},"locations":[{"start":{"line":9,"column":0},"end":{"line":24,"column":1}}]},"1":{"type":"branch","line":12,"loc":{"start":{"line":12,"column":53},"end":{"line":12,"column":81}},"locations":[{"start":{"line":12,"column":53},"end":{"line":12,"column":81}}]}},"b":{"0":[4],"1":[2]},"fnMap":{"0":{"name":"RecipeModal","decl":{"start":{"line":9,"column":0},"end":{"line":24,"column":1}},"loc":{"start":{"line":9,"column":0},"end":{"line":24,"column":1}},"line":9},"1":{"name":"onClick","decl":{"start":{"line":12,"column":53},"end":{"line":12,"column":81}},"loc":{"start":{"line":12,"column":53},"end":{"line":12,"column":81}},"line":12}},"f":{"0":4,"1":2}}
,"C:\\Users\\olesc\\OneDrive\\Desktop\\GetIntoMealPrepFinal\\GetIntoMealPrep\\client\\src\\pages\\Home\\Home.tsx": {"path":"C:\\Users\\olesc\\OneDrive\\Desktop\\GetIntoMealPrepFinal\\GetIntoMealPrep\\client\\src\\pages\\Home\\Home.tsx","all":false,"statementMap":{"0":{"start":{"line":1,"column":0},"end":{"line":1,"column":36}},"1":{"start":{"line":2,"column":0},"end":{"line":2,"column":20}},"3":{"start":{"line":4,"column":0},"end":{"line":4,"column":52}},"4":{"start":{"line":5,"column":0},"end":{"line":5,"column":62}},"5":{"start":{"line":6,"column":0},"end":{"line":6,"column":49}},"7":{"start":{"line":8,"column":0},"end":{"line":8,"column":17}},"9":{"start":{"line":10,"column":0},"end":{"line":10,"column":10}},"10":{"start":{"line":11,"column":0},"end":{"line":11,"column":6}},"11":{"start":{"line":12,"column":0},"end":{"line":12,"column":67}},"12":{"start":{"line":13,"column":0},"end":{"line":13,"column":23}},"13":{"start":{"line":14,"column":0},"end":{"line":14,"column":27}},"14":{"start":{"line":15,"column":0},"end":{"line":15,"column":22}},"15":{"start":{"line":16,"column":0},"end":{"line":16,"column":12}},"16":{"start":{"line":17,"column":0},"end":{"line":17,"column":7}},"18":{"start":{"line":19,"column":0},"end":{"line":19,"column":1}},"20":{"start":{"line":21,"column":0},"end":{"line":21,"column":20}}},"s":{"0":1,"1":1,"3":1,"4":1,"5":1,"7":5,"9":5,"10":5,"11":5,"12":5,"13":5,"14":5,"15":5,"16":5,"18":5,"20":1},"branchMap":{"0":{"type":"branch","line":8,"loc":{"start":{"line":8,"column":0},"end":{"line":19,"column":1}},"locations":[{"start":{"line":8,"column":0},"end":{"line":19,"column":1}}]}},"b":{"0":[5]},"fnMap":{"0":{"name":"Home","decl":{"start":{"line":8,"column":0},"end":{"line":19,"column":1}},"loc":{"start":{"line":8,"column":0},"end":{"line":19,"column":1}},"line":8}},"f":{"0":5}}
,"C:\\Users\\olesc\\OneDrive\\Desktop\\GetIntoMealPrepFinal\\GetIntoMealPrep\\client\\src\\pages\\Home\\CTASection\\CTASection.tsx": {"path":"C:\\Users\\olesc\\OneDrive\\Desktop\\GetIntoMealPrepFinal\\GetIntoMealPrep\\client\\src\\pages\\Home\\CTASection\\CTASection.tsx","all":false,"statementMap":{"0":{"start":{"line":1,"column":0},"end":{"line":1,"column":47}},"1":{"start":{"line":2,"column":0},"end":{"line":2,"column":55}},"2":{"start":{"line":3,"column":0},"end":{"line":3,"column":40}},"3":{"start":{"line":4,"column":0},"end":{"line":4,"column":54}},"4":{"start":{"line":5,"column":0},"end":{"line":5,"column":26}},"6":{"start":{"line":7,"column":0},"end":{"line":7,"column":23}},"7":{"start":{"line":8,"column":0},"end":{"line":8,"column":33}},"8":{"start":{"line":9,"column":0},"end":{"line":9,"column":49}},"10":{"start":{"line":11,"column":0},"end":{"line":11,"column":10}},"11":{"start":{"line":12,"column":0},"end":{"line":12,"column":42}},"12":{"start":{"line":13,"column":0},"end":{"line":13,"column":41}},"13":{"start":{"line":14,"column":0},"end":{"line":14,"column":66}},"14":{"start":{"line":15,"column":0},"end":{"line":15,"column":13}},"15":{"start":{"line":16,"column":0},"end":{"line":16,"column":20}},"16":{"start":{"line":17,"column":0},"end":{"line":17,"column":23}},"17":{"start":{"line":18,"column":0},"end":{"line":18,"column":39}},"18":{"start":{"line":19,"column":0},"end":{"line":19,"column":30}},"19":{"start":{"line":20,"column":0},"end":{"line":20,"column":32}},"20":{"start":{"line":21,"column":0},"end":{"line":21,"column":35}},"21":{"start":{"line":22,"column":0},"end":{"line":22,"column":18}},"22":{"start":{"line":23,"column":0},"end":{"line":23,"column":50}},"23":{"start":{"line":24,"column":0},"end":{"line":24,"column":11}},"24":{"start":{"line":25,"column":0},"end":{"line":25,"column":10}},"26":{"start":{"line":27,"column":0},"end":{"line":27,"column":61}},"27":{"start":{"line":28,"column":0},"end":{"line":28,"column":15}},"28":{"start":{"line":29,"column":0},"end":{"line":29,"column":14}},"30":{"start":{"line":31,"column":0},"end":{"line":31,"column":1}},"32":{"start":{"line":33,"column":0},"end":{"line":33,"column":26}}},"s":{"0":1,"1":1,"2":1,"3":1,"4":1,"6":4,"7":4,"8":4,"10":4,"11":4,"12":4,"13":4,"14":4,"15":4,"16":4,"17":4,"18":4,"19":2,"20":1,"21":1,"22":1,"23":1,"24":2,"26":4,"27":4,"28":4,"30":4,"32":1},"branchMap":{"0":{"type":"branch","line":7,"loc":{"start":{"line":7,"column":0},"end":{"line":31,"column":1}},"locations":[{"start":{"line":7,"column":0},"end":{"line":31,"column":1}}]},"1":{"type":"branch","line":27,"loc":{"start":{"line":27,"column":9},"end":{"line":27,"column":45}},"locations":[{"start":{"line":27,"column":9},"end":{"line":27,"column":45}}]},"2":{"type":"branch","line":27,"loc":{"start":{"line":27,"column":27},"end":{"line":27,"column":61}},"locations":[{"start":{"line":27,"column":27},"end":{"line":27,"column":61}}]},"3":{"type":"branch","line":19,"loc":{"start":{"line":19,"column":17},"end":{"line":25,"column":10}},"locations":[{"start":{"line":19,"column":17},"end":{"line":25,"column":10}}]},"4":{"type":"branch","line":20,"loc":{"start":{"line":20,"column":31},"end":{"line":24,"column":11}},"locations":[{"start":{"line":20,"column":31},"end":{"line":24,"column":11}}]}},"b":{"0":[4],"1":[2],"2":[2],"3":[2],"4":[1]},"fnMap":{"0":{"name":"CTASection","decl":{"start":{"line":7,"column":0},"end":{"line":31,"column":1}},"loc":{"start":{"line":7,"column":0},"end":{"line":31,"column":1}},"line":7},"1":{"name":"onClick","decl":{"start":{"line":19,"column":17},"end":{"line":25,"column":10}},"loc":{"start":{"line":19,"column":17},"end":{"line":25,"column":10}},"line":19}},"f":{"0":4,"1":2}}
[...]
mn":0},"end":{"line":25,"column":9}},"25":{"start":{"line":26,"column":0},"end":{"line":26,"column":8}},"26":{"start":{"line":27,"column":0},"end":{"line":27,"column":23}},"27":{"start":{"line":28,"column":0},"end":{"line":28,"column":59}},"28":{"start":{"line":29,"column":0},"end":{"line":29,"column":53}},"29":{"start":{"line":30,"column":0},"end":{"line":30,"column":26}},"30":{"start":{"line":31,"column":0},"end":{"line":31,"column":9}},"31":{"start":{"line":32,"column":0},"end":{"line":32,"column":19}},"34":{"start":{"line":35,"column":0},"end":{"line":35,"column":19}},"35":{"start":{"line":36,"column":0},"end":{"line":36,"column":40}},"37":{"start":{"line":38,"column":0},"end":{"line":38,"column":30}},"38":{"start":{"line":39,"column":0},"end":{"line":39,"column":11}},"39":{"start":{"line":40,"column":0},"end":{"line":40,"column":63}},"40":{"start":{"line":41,"column":0},"end":{"line":41,"column":48}},"41":{"start":{"line":42,"column":0},"end":{"line":42,"column":58}},"42":{"start":{"line":43,"column":0},"end":{"line":43,"column":13}},"43":{"start":{"line":44,"column":0},"end":{"line":44,"column":60}},"44":{"start":{"line":45,"column":0},"end":{"line":45,"column":58}},"45":{"start":{"line":46,"column":0},"end":{"line":46,"column":12}},"46":{"start":{"line":47,"column":0},"end":{"line":47,"column":11}},"48":{"start":{"line":49,"column":0},"end":{"line":49,"column":75}},"49":{"start":{"line":50,"column":0},"end":{"line":50,"column":44}},"50":{"start":{"line":51,"column":0},"end":{"line":51,"column":21}},"51":{"start":{"line":52,"column":0},"end":{"line":52,"column":58}},"52":{"start":{"line":53,"column":0},"end":{"line":53,"column":48}},"53":{"start":{"line":54,"column":0},"end":{"line":54,"column":17}},"54":{"start":{"line":55,"column":0},"end":{"line":55,"column":26}},"55":{"start":{"line":56,"column":0},"end":{"line":56,"column":7}},"56":{"start":{"line":57,"column":0},"end":{"line":57,"column":6}},"58":{"start":{"line":59,"column":0},"end":{"line":59,"column":11}},"59":{"start":{"line":60,"column":0},"end":{"line":60,"column":24}},"61":{"start":{"line":62,"column":0},"end":{"line":62,"column":49}},"62":{"start":{"line":63,"column":0},"end":{"line":63,"column":1}}},"s":{"0":1,"1":1,"2":1,"5":1,"6":23,"8":23,"9":23,"10":23,"12":23,"13":23,"14":23,"17":23,"18":8,"19":8,"20":7,"21":6,"22":7,"23":1,"24":1,"25":8,"26":8,"27":2,"28":2,"29":2,"30":8,"31":23,"34":23,"35":15,"37":6,"38":6,"39":6,"40":6,"41":6,"42":6,"43":6,"44":6,"45":6,"46":6,"48":4,"49":4,"50":6,"51":2,"52":2,"53":6,"54":6,"55":6,"56":6,"58":6,"59":23,"61":23,"62":23},"branchMap":{"0":{"type":"branch","line":6,"loc":{"start":{"line":6,"column":7},"end":{"line":63,"column":1}},"locations":[{"start":{"line":6,"column":7},"end":{"line":63,"column":1}}]},"1":{"type":"branch","line":18,"loc":{"start":{"line":18,"column":12},"end":{"line":32,"column":5}},"locations":[{"start":{"line":18,"column":12},"end":{"line":32,"column":5}}]},"2":{"type":"branch","line":20,"loc":{"start":{"line":20,"column":12},"end":{"line":26,"column":7}},"locations":[{"start":{"line":20,"column":12},"end":{"line":26,"column":7}}]},"3":{"type":"branch","line":21,"loc":{"start":{"line":21,"column":33},"end":{"line":23,"column":15}},"locations":[{"start":{"line":21,"column":33},"end":{"line":23,"column":15}}]},"4":{"type":"branch","line":23,"loc":{"start":{"line":23,"column":8},"end":{"line":25,"column":9}},"locations":[{"start":{"line":23,"column":8},"end":{"line":25,"column":9}}]},"5":{"type":"branch","line":27,"loc":{"start":{"line":27,"column":13},"end":{"line":31,"column":7}},"locations":[{"start":{"line":27,"column":13},"end":{"line":31,"column":7}}]},"6":{"type":"branch","line":35,"loc":{"start":{"line":35,"column":12},"end":{"line":60,"column":5}},"locations":[{"start":{"line":35,"column":12},"end":{"line":60,"column":5}}]},"7":{"type":"branch","line":36,"loc":{"start":{"line":36,"column":9},"end":{"line":36,"column":33}},"locations":[{"start":{"line":36,"column":9},"end":{"line":36,"column":33}}]},"8":{"type":"branch","line":36,"loc":{"start":{"line":36,"column":33},"end":{"line":36,"column":40}},"locations":[{"start":{"line":36,"column":33},"end":{"line":36,"column":40}}]},"9":{"type":"branch","line":36,"loc":{"start":{"line":36,"column":33},"end":{"line":59,"column":11}},"locations":[{"start":{"line":36,"column":33},"end":{"line":59,"column":11}}]},"10":{"type":"branch","line":38,"loc":{"start":{"line":38,"column":17},"end":{"line":57,"column":6}},"locations":[{"start":{"line":38,"column":17},"end":{"line":57,"column":6}}]},"11":{"type":"branch","line":47,"loc":{"start":{"line":47,"column":9},"end":{"line":51,"column":15}},"locations":[{"start":{"line":47,"column":9},"end":{"line":51,"column":15}}]},"12":{"type":"branch","line":51,"loc":{"start":{"line":51,"column":6},"end":{"line":54,"column":8}},"locations":[{"start":{"line":51,"column":6},"end":{"line":54,"column":8}}]}},"b":{"0":[23],"1":[8],"2":[7],"3":[6],"4":[1],"5":[2],"6":[15],"7":[7],"8":[9],"9":[6],"10":[6],"11":[4],"12":[2]},"fnMap":{"0":{"name":"useRecipeDetails","decl":{"start":{"line":6,"column":7},"end":{"line":63,"column":1}},"loc":{"start":{"line":6,"column":7},"end":{"line":63,"column":1}},"line":6},"1":{"name":"load","decl":{"start":{"line":38,"column":17},"end":{"line":57,"column":6}},"loc":{"start":{"line":38,"column":17},"end":{"line":57,"column":6}},"line":38}},"f":{"0":23,"1":6}}
,"C:\\Users\\olesc\\OneDrive\\Desktop\\GetIntoMealPrepFinal\\GetIntoMealPrep\\client\\src\\types\\mealType.ts": {"path":"C:\\Users\\olesc\\OneDrive\\Desktop\\GetIntoMealPrepFinal\\GetIntoMealPrep\\client\\src\\types\\mealType.ts","all":false,"statementMap":{"0":{"start":{"line":1,"column":0},"end":{"line":1,"column":22}},"1":{"start":{"line":2,"column":0},"end":{"line":2,"column":28}},"2":{"start":{"line":3,"column":0},"end":{"line":3,"column":22}},"3":{"start":{"line":4,"column":0},"end":{"line":4,"column":20}},"4":{"start":{"line":5,"column":0},"end":{"line":5,"column":22}},"5":{"start":{"line":6,"column":0},"end":{"line":6,"column":22}}},"s":{"0":1,"1":1,"2":1,"3":1,"4":1,"5":1},"branchMap":{"0":{"type":"branch","line":1,"loc":{"start":{"line":1,"column":7},"end":{"line":1,"column":22}},"locations":[{"start":{"line":1,"column":7},"end":{"line":1,"column":22}}]}},"b":{"0":[1]},"fnMap":{},"f":{}}
,"C:\\Users\\olesc\\OneDrive\\Desktop\\GetIntoMealPrepFinal\\GetIntoMealPrep\\client\\src\\types\\recipe.ts": {"path":"C:\\Users\\olesc\\OneDrive\\Desktop\\GetIntoMealPrepFinal\\GetIntoMealPrep\\client\\src\\types\\recipe.ts","all":false,"statementMap":{"16":{"start":{"line":17,"column":0},"end":{"line":17,"column":26}},"17":{"start":{"line":18,"column":0},"end":{"line":18,"column":18}},"18":{"start":{"line":19,"column":0},"end":{"line":19,"column":22}},"19":{"start":{"line":20,"column":0},"end":{"line":20,"column":18}}},"s":{"16":1,"17":1,"18":1,"19":1},"branchMap":{"0":{"type":"branch","line":17,"loc":{"start":{"line":17,"column":9},"end":{"line":17,"column":26}},"locations":[{"start":{"line":17,"column":9},"end":{"line":17,"column":26}}]}},"b":{"0":[10]},"fnMap":{},"f":{}}
,"C:\\Users\\olesc\\OneDrive\\Desktop\\GetIntoMealPrepFinal\\GetIntoMealPrep\\client\\src\\utils\\dateUtils.ts": {"path":"C:\\Users\\olesc\\OneDrive\\Desktop\\GetIntoMealPrepFinal\\GetIntoMealPrep\\client\\src\\utils\\dateUtils.ts","all":false,"statementMap":{"0":{"start":{"line":1,"column":0},"end":{"line":1,"column":51}},"1":{"start":{"line":2,"column":0},"end":{"line":2,"column":45}},"2":{"start":{"line":3,"column":0},"end":{"line":3,"column":21}},"3":{"start":{"line":4,"column":0},"end":{"line":4,"column":23}},"4":{"start":{"line":5,"column":0},"end":{"line":5,"column":22}},"5":{"start":{"line":6,"column":0},"end":{"line":6,"column":7}},"6":{"start":{"line":7,"column":0},"end":{"line":7,"column":4}},"8":{"start":{"line":9,"column":0},"end":{"line":9,"column":94}},"9":{"start":{"line":10,"column":0},"end":{"line":10,"column":27}},"12":{"start":{"line":13,"column":0},"end":{"line":13,"column":29}},"13":{"start":{"line":14,"column":0},"end":{"line":14,"column":50}},"14":{"start":{"line":15,"column":0},"end":{"line":15,"column":33}},"15":{"start":{"line":16,"column":0},"end":{"line":16,"column":62}},"17":{"start":{"line":18,"column":0},"end":{"line":18,"column":36}},"18":{"start":{"line":19,"column":0},"end":{"line":19,"column":41}},"20":{"start":{"line":21,"column":0},"end":{"line":21,"column":12}},"21":{"start":{"line":22,"column":0},"end":{"line":22,"column":20}},"22":{"start":{"line":23,"column":0},"end":{"line":23,"column":18}},"23":{"start":{"line":24,"column":0},"end":{"line":24,"column":60}},"24":{"start":{"line":25,"column":0},"end":{"line":25,"column":6}},"25":{"start":{"line":26,"column":0},"end":{"line":26,"column":4}}},"s":{"0":1,"1":21,"2":21,"3":21,"4":21,"5":21,"6":21,"8":1,"9":8,"12":8,"13":8,"14":8,"15":8,"17":8,"18":8,"20":8,"21":8,"22":8,"23":8,"24":8,"25":8},"branchMap":{"0":{"type":"branch","line":1,"loc":{"start":{"line":1,"column":26},"end":{"line":7,"column":4}},"locations":[{"start":{"line":1,"column":26},"end":{"line":7,"column":4}}]},"1":{"type":"branch","line":9,"loc":{"start":{"line":9,"column":30},"end":{"line":26,"column":4}},"locations":[{"start":{"line":9,"column":30},"end":{"line":26,"column":4}}]},"2":{"type":"branch","line":14,"loc":{"start":{"line":14,"column":33},"end":{"line":14,"column":42}},"locations":[{"start":{"line":14,"column":33},"end":{"line":14,"column":42}}]},"3":{"type":"branch","line":14,"loc":{"start":{"line":14,"column":37},"end":{"line":14,"column":50}},"locations":[{"start":{"line":14,"column":37},"end":{"line":14,"column":50}}]}},"b":{"0":[21],"1":[8],"2":[2],"3":[6]},"fnMap":{"0":{"name":"formatDate","decl":{"start":{"line":1,"column":26},"end":{"line":7,"column":4}},"loc":{"start":{"line":1,"column":26},"end":{"line":7,"column":4}},"line":1},"1":{"name":"getWeekRange","decl":{"start":{"line":9,"column":30},"end":{"line":26,"column":4}},"loc":{"start":{"line":9,"column":30},"end":{"line":26,"column":4}},"line":9}},"f":{"0":21,"1":8}}
,"C:\\Users\\olesc\\OneDrive\\Desktop\\GetIntoMealPrepFinal\\GetIntoMealPrep\\client\\src\\utils\\getImageUrl.ts": {"path":"C:\\Users\\olesc\\OneDrive\\Desktop\\GetIntoMealPrepFinal\\GetIntoMealPrep\\client\\src\\utils\\getImageUrl.ts","all":false,"statementMap":{"0":{"start":{"line":1,"column":0},"end":{"line":1,"column":52}},"1":{"start":{"line":2,"column":0},"end":{"line":2,"column":72}},"2":{"start":{"line":3,"column":0},"end":{"line":3,"column":59}},"4":{"start":{"line":5,"column":0},"end":{"line":5,"column":31}},"7":{"start":{"line":8,"column":0},"end":{"line":8,"column":56}},"8":{"start":{"line":9,"column":0},"end":{"line":9,"column":53}},"9":{"start":{"line":10,"column":0},"end":{"line":10,"column":9}},"11":{"start":{"line":12,"column":0},"end":{"line":12,"column":36}},"12":{"start":{"line":13,"column":0},"end":{"line":13,"column":5}},"14":{"start":{"line":15,"column":0},"end":{"line":15,"column":16}},"15":{"start":{"line":16,"column":0},"end":{"line":16,"column":3}}},"s":{"0":1,"1":21,"2":21,"4":21,"7":4,"8":1,"9":1,"11":3,"12":3,"14":15,"15":15},"branchMap":{"0":{"type":"branch","line":1,"loc":{"start":{"line":1,"column":7},"end":{"line":16,"column":3}},"locations":[{"start":{"line":1,"column":7},"end":{"line":16,"column":3}}]},"1":{"type":"branch","line":2,"loc":{"start":{"line":2,"column":37},"end":{"line":2,"column":72}},"locations":[{"start":{"line":2,"column":37},"end":{"line":2,"column":72}}]},"2":{"type":"branch","line":3,"loc":{"start":{"line":3,"column":15},"end":{"line":3,"column":59}},"locations":[{"start":{"line":3,"column":15},"end":{"line":3,"column":59}}]},"3":{"type":"branch","line":3,"loc":{"start":{"line":3,"column":22},"end":{"line":5,"column":30}},"locations":[{"start":{"line":3,"column":22},"end":{"line":5,"column":30}}]},"4":{"type":"branch","line":5,"loc":{"start":{"line":5,"column":30},"end":{"line":13,"column":5}},"locations":[{"start":{"line":5,"column":30},"end":{"line":13,"column":5}}]},"5":{"type":"branch","line":8,"loc":{"start":{"line":8,"column":33},"end":{"line":8,"column":55}},"locations":[{"start":{"line":8,"column":33},"end":{"line":8,"column":55}}]},"6":{"type":"branch","line":8,"loc":{"start":{"line":8,"column":55},"end":{"line":10,"column":9}},"locations":[{"start":{"line":8,"column":55},"end":{"line":10,"column":9}}]},"7":{"type":"branch","line":10,"loc":{"start":{"line":10,"column":8},"end":{"line":13,"column":5}},"locations":[{"start":{"line":10,"column":8},"end":{"line":13,"column":5}}]},"8":{"type":"branch","line":13,"loc":{"start":{"line":13,"column":4},"end":{"line":16,"column":3}},"locations":[{"start":{"line":13,"column":4},"end":{"line":16,"column":3}}]}},"b":{"0":[21],"1":[18],"2":[2],"3":[19],"4":[4],"5":[1],"6":[1],"7":[3],"8":[15]},"fnMap":{"0":{"name":"getImageUrl","decl":{"start":{"line":1,"column":7},"end":{"line":16,"column":3}},"loc":{"start":{"line":1,"column":7},"end":{"line":16,"column":3}},"line":1}},"f":{"0":21}}
,"C:\\Users\\olesc\\OneDrive\\Desktop\\GetIntoMealPrepFinal\\GetIntoMealPrep\\client\\src\\utils\\sortMealPlanEntries.ts": {"path":"C:\\Users\\olesc\\OneDrive\\Desktop\\GetIntoMealPrepFinal\\GetIntoMealPrep\\client\\src\\utils\\sortMealPlanEntries.ts","all":false,"statementMap":{"2":{"start":{"line":3,"column":0},"end":{"line":3,"column":80}},"3":{"start":{"line":4,"column":0},"end":{"line":4,"column":62}},"4":{"start":{"line":5,"column":0},"end":{"line":5,"column":1}}},"s":{"2":1,"3":9,"4":9},"branchMap":{"0":{"type":"branch","line":3,"loc":{"start":{"line":3,"column":7},"end":{"line":5,"column":1}},"locations":[{"start":{"line":3,"column":7},"end":{"line":5,"column":1}}]},"1":{"type":"branch","line":4,"loc":{"start":{"line":4,"column":27},"end":{"line":4,"column":60}},"locations":[{"start":{"line":4,"column":27},"end":{"line":4,"column":60}}]}},"b":{"0":[9],"1":[72]},"fnMap":{"0":{"name":"sortMealPlanEntries","decl":{"start":{"line":3,"column":7},"end":{"line":5,"column":1}},"loc":{"start":{"line":3,"column":7},"end":{"line":5,"column":1}},"line":3}},"f":{"0":9}}
,"C:\\Users\\olesc\\OneDrive\\Desktop\\GetIntoMealPrepFinal\\GetIntoMealPrep\\client\\src\\utils\\useProfileData.ts": {"path":"C:\\Users\\olesc\\OneDrive\\Desktop\\GetIntoMealPrepFinal\\GetIntoMealPrep\\client\\src\\utils\\useProfileData.ts","all":false,"statementMap":{"0":{"start":{"line":1,"column":0},"end":{"line":1,"column":58}},"1":{"start":{"line":2,"column":0},"end":{"line":2,"column":52}},"2":{"start":{"line":3,"column":0},"end":{"line":3,"column":34}},"10":{"start":{"line":11,"column":0},"end":{"line":11,"column":75}},"12":{"start":{"line":13,"column":0},"end":{"line":13,"column":35}},"16":{"start":{"line":17,"column":0},"end":{"line":17,"column":3}},"17":{"start":{"line":18,"column":0},"end":{"line":18,"column":67}},"18":{"start":{"line":19,"column":0},"end":{"line":19,"column":81}},"19":{"start":{"line":20,"column":0},"end":{"line":20,"column":54}},"20":{"start":{"line":21,"column":0},"end":{"line":21,"column":57}},"21":{"start":{"line":22,"column":0},"end":{"line":22,"column":68}},"23":{"start":{"line":24,"column":0},"end":{"line":24,"column":19}},"24":{"start":{"line":25,"column":0},"end":{"line":25,"column":35}},"25":{"start":{"line":26,"column":0},"end":{"line":26,"column":84}},"27":{"start":{"line":28,"column":0},"end":{"line":28,"column":11}},"28":{"start":{"line":29,"column":0},"end":{"line":29,"column":34}},"29":{"start":{"line":30,"column":0},"end":{"line":30,"column":69}},"31":{"start":{"line":32,"column":0},"end":{"line":32,"column":58}},"32":{"start":{"line":33,"column":0},"end":{"line":33,"column":54}},"33":{"start":{"line":34,"column":0},"end":{"line":34,"column":45}},"34":{"start":{"line":35,"column":0},"end":{"line":35,"column":82}},"35":{"start":{"line":36,"column":0},"end":{"line":36,"column":43}},"37":{"start":{"line":38,"column":0},"end":{"line":38,"column":52}},"38":{"start":{"line":39,"column":0},"end":{"line":39,"column":26}},"39":{"start":{"line":40,"column":0},"end":{"line":40,"column":29}},"40":{"start":{"line":41,"column":0},"end":{"line":41,"column":21}},"41":{"start":{"line":42,"column":0},"end":{"line":42,"column":31}},"42":{"start":{"line":43,"column":0},"end":{"line":43,"column":17}},"43":{"start":{"line":44,"column":0},"end":{"line":44,"column":26}},"44":{"start":{"line":45,"column":0},"end":{"line":45,"column":7}},"45":{"start":{"line":46,"column":0},"end":{"line":46,"column":6}},"47":{"start":{"line":48,"column":0},"end":{"line":48,"column":16}},"48":{"start":{"line":49,"column":0},"end":{"line":49,"column":50}},"50":{"start":{"line":51,"column":0},"end":{"line":51,"column":41}},"51":{"start":{"line":52,"column":0},"end":{"line":52,"column":1}}},"s":{"0":1,"1":1,"2":1,"10":1,"12":1,"16":20,"17":20,"18":20,"19":20,"20":20,"21":20,"23":20,"24":12,"25":12,"27":8,"28":8,"29":8,"31":12,"32":12,"33":12,"34":5,"35":1,"37":12,"38":12,"39":12,"40":12,"41":1,"42":12,"43":7,"44":7,"45":12,"47":12,"48":20,"50":20,"51":20},"branchMap":{"0":{"type":"branch","line":13,"loc":{"start":{"line":13,"column":7},"end":{"line":52,"column":1}},"locations":[{"start":{"line":13,"column":7},"end":{"line":52,"column":1}}]},"1":{"type":"branch","line":24,"loc":{"start":{"line":24,"column":12},"end":{"line":49,"column":5}},"locations":[{"start":{"line":24,"column":12},"end":{"line":49,"column":5}}]},"2":{"type":"branch","line":25,"loc":{"start":{"line":25,"column":22},"end":{"line":46,"column":6}},"locations":[{"start":{"line":25,"column":22},"end":{"line":46,"column":6}}]},"3":{"type":"branch","line":26,"loc":{"start":{"line":26,"column":33},"end":{"line":26,"column":65}},"locations":[{"start":{"line":26,"column":33},"end":{"line":26,"column":65}}]},"4":{"type":"branch","line":26,"loc":{"start":{"line":26,"column":52},"end":{"line":26,"column":77}},"locations":[{"start":{"line":26,"column":52},"end":{"line":26,"column":77}}]},"5":{"type":"branch","line":26,"loc":{"start":{"line":26,"column":77},"end":{"line":26,"column":84}},"locations":[{"start":{"line":26,"column":77},"end":{"line":26,"column":84}}]},"6":{"type":"branch","line":26,"loc":{"start":{"line":26,"column":77},"end":{"line":30,"column":69}},"locations":[{"start":{"line":26,"column":77},"end":{"line":30,"column":69}}]},"7":{"type":"branch","line":30,"loc":{"start":{"line":30,"column":46},"end":{"line":32,"column":46}},"locations":[{"start":{"line":30,"column":46},"end":{"line":32,"column":46}}]},"8":{"type":"branch","line":32,"loc":{"start":{"line":32,"column":34},"end":{"line":32,"column":58}},"locations":[{"start":{"line":32,"column":34},"end":{"line":32,"column":58}}]},"9":{"type":"branch","line":33,"loc":{"start":{"line":33,"column":31},"end":{"line":33,"column":54}},"locations":[{"start":{"line":33,"column":31},"end":{"line":33,"column":54}}]},"10":{"type":"branch","line":34,"loc":{"start":{"line":34,"column":35},"end":{"line":35,"column":82}},"locations":[{"start":{"line":34,"column":35},"end":{"line":35,"column":82}}]},"11":{"type":"branch","line":35,"loc":{"start":{"line":35,"column":81},"end":{"line":36,"column":43}},"locations":[{"start":{"line":35,"column":81},"end":{"line":36,"column":43}}]},"12":{"type":"branch","line":41,"loc":{"start":{"line":41,"column":6},"end":{"line":43,"column":8}},"locations":[{"start":{"line":41,"column":6},"end":{"line":43,"column":8}}]},"13":{"type":"branch","line":43,"loc":{"start":{"line":43,"column":6},"end":{"line":45,"column":7}},"locations":[{"start":{"line":43,"column":6},"end":{"line":45,"column":7}}]}},"b":{"0":[20],"1":[12],"2":[12],"3":[10],"4":[9],"5":[4],"6":[8],"7":[6],"8":[1],"9":[1],"10":[5],"11":[1],"12":[1],"13":[7]},"fnMap":{"0":{"name":"useProfileData","decl":{"start":{"line":13,"column":7},"end":{"line":52,"column":1}},"loc":{"start":{"line":13,"column":7},"end":{"line":52,"column":1}},"line":13},"1":{"name":"fetchData","decl":{"start":{"line":25,"column":22},"end":{"line":46,"column":6}},"loc":{"start":{"line":25,"column":22},"end":{"line":46,"column":6}},"line":25}},"f":{"0":20,"1":12}}
}
